C:\USERS\ENRICO\DOCUMENTS\GITHUB\SDLGAME\SDL2-3D\SDL2-3D\DEBUG\VC120.PDB
C:\USERS\ENRICO\DOCUMENTS\GITHUB\SDLGAME\SDL2-3D\SDL2-3D\DEBUG\VC120.IDB
C:\USERS\ENRICO\DOCUMENTS\GITHUB\SDLGAME\SDL2-3D\SDL2-3D\DEBUG\MANAGER.OBJ
C:\USERS\ENRICO\DOCUMENTS\GITHUB\SDLGAME\SDL2-3D\SDL2-3D\DEBUG\MANAGERMANAGER.OBJ
C:\USERS\ENRICO\DOCUMENTS\GITHUB\SDLGAME\SDL2-3D\SDL2-3D\DEBUG\MATHUTILS.OBJ
C:\USERS\ENRICO\DOCUMENTS\GITHUB\SDLGAME\SDL2-3D\SDL2-3D\DEBUG\MESH.OBJ
C:\USERS\ENRICO\DOCUMENTS\GITHUB\SDLGAME\SDL2-3D\SDL2-3D\DEBUG\MOUSELOOKSYSTEM.OBJ
C:\USERS\ENRICO\DOCUMENTS\GITHUB\SDLGAME\SDL2-3D\SDL2-3D\DEBUG\MOVEMENTSYSTEM.OBJ
C:\USERS\ENRICO\DOCUMENTS\GITHUB\SDLGAME\SDL2-3D\SDL2-3D\DEBUG\NUMBERUTILS.OBJ
C:\USERS\ENRICO\DOCUMENTS\GITHUB\SDLGAME\SDL2-3D\SDL2-3D\DEBUG\PERLINGENERATOR.OBJ
C:\USERS\ENRICO\DOCUMENTS\GITHUB\SDLGAME\SDL2-3D\SDL2-3D\DEBUG\PERSPECTIVECAMERA.OBJ
C:\USERS\ENRICO\DOCUMENTS\GITHUB\SDLGAME\SDL2-3D\SDL2-3D\DEBUG\PIXMAP.OBJ
C:\USERS\ENRICO\DOCUMENTS\GITHUB\SDLGAME\SDL2-3D\SDL2-3D\DEBUG\SDLGAME.OBJ
C:\USERS\ENRICO\DOCUMENTS\GITHUB\SDLGAME\SDL2-3D\SDL2-3D\DEBUG\SHADER.OBJ
C:\USERS\ENRICO\DOCUMENTS\GITHUB\SDLGAME\SDL2-3D\SDL2-3D\DEBUG\SHADERMANAGER.OBJ
C:\USERS\ENRICO\DOCUMENTS\GITHUB\SDLGAME\SDL2-3D\SDL2-3D\DEBUG\SKYBOX.OBJ
C:\USERS\ENRICO\DOCUMENTS\GITHUB\SDLGAME\SDL2-3D\SDL2-3D\DEBUG\SPRITEBATCH.OBJ
C:\USERS\ENRICO\DOCUMENTS\GITHUB\SDLGAME\SDL2-3D\SDL2-3D\DEBUG\SYSTEMMANAGER.OBJ
C:\USERS\ENRICO\DOCUMENTS\GITHUB\SDLGAME\SDL2-3D\SDL2-3D\DEBUG\TAGMANAGER.OBJ
C:\USERS\ENRICO\DOCUMENTS\GITHUB\SDLGAME\SDL2-3D\SDL2-3D\DEBUG\TERRAIN.OBJ
C:\USERS\ENRICO\DOCUMENTS\GITHUB\SDLGAME\SDL2-3D\SDL2-3D\DEBUG\TEXTURE.OBJ
C:\USERS\ENRICO\DOCUMENTS\GITHUB\SDLGAME\SDL2-3D\SDL2-3D\DEBUG\WORLD.OBJ
C:\USERS\ENRICO\DOCUMENTS\GITHUB\SDLGAME\SDL2-3D\SDL2-3D\DEBUG\COMPONENTMANAGER.OBJ
C:\USERS\ENRICO\DOCUMENTS\GITHUB\SDLGAME\SDL2-3D\SDL2-3D\DEBUG\CUBEMAP.OBJ
C:\USERS\ENRICO\DOCUMENTS\GITHUB\SDLGAME\SDL2-3D\SDL2-3D\DEBUG\DELTAPROCESSINGSYSTEM.OBJ
C:\USERS\ENRICO\DOCUMENTS\GITHUB\SDLGAME\SDL2-3D\SDL2-3D\DEBUG\ENTITY.OBJ
C:\USERS\ENRICO\DOCUMENTS\GITHUB\SDLGAME\SDL2-3D\SDL2-3D\DEBUG\ENTITYBUILDER.OBJ
C:\USERS\ENRICO\DOCUMENTS\GITHUB\SDLGAME\SDL2-3D\SDL2-3D\DEBUG\ENTITYFACTORY.OBJ
C:\USERS\ENRICO\DOCUMENTS\GITHUB\SDLGAME\SDL2-3D\SDL2-3D\DEBUG\ENTITYINFO.OBJ
C:\USERS\ENRICO\DOCUMENTS\GITHUB\SDLGAME\SDL2-3D\SDL2-3D\DEBUG\ENTITYMANAGER.OBJ
C:\USERS\ENRICO\DOCUMENTS\GITHUB\SDLGAME\SDL2-3D\SDL2-3D\DEBUG\ENTITYPROCESSINGSYSTEM.OBJ
C:\USERS\ENRICO\DOCUMENTS\GITHUB\SDLGAME\SDL2-3D\SDL2-3D\DEBUG\ENTITYSYSTEM.OBJ
C:\USERS\ENRICO\DOCUMENTS\GITHUB\SDLGAME\SDL2-3D\SDL2-3D\DEBUG\FPSCAMERACONTROLLER.OBJ
C:\USERS\ENRICO\DOCUMENTS\GITHUB\SDLGAME\SDL2-3D\SDL2-3D\DEBUG\GAME.OBJ
C:\USERS\ENRICO\DOCUMENTS\GITHUB\SDLGAME\SDL2-3D\SDL2-3D\DEBUG\GAMESCREEN.OBJ
C:\USERS\ENRICO\DOCUMENTS\GITHUB\SDLGAME\SDL2-3D\SDL2-3D\DEBUG\GBUFFER.OBJ
C:\USERS\ENRICO\DOCUMENTS\GITHUB\SDLGAME\SDL2-3D\SDL2-3D\DEBUG\GROUPMANAGER.OBJ
C:\USERS\ENRICO\DOCUMENTS\GITHUB\SDLGAME\SDL2-3D\SDL2-3D\DEBUG\HEIGHTMAP.OBJ
C:\USERS\ENRICO\DOCUMENTS\GITHUB\SDLGAME\SDL2-3D\SDL2-3D\DEBUG\LIGHT.OBJ
C:\USERS\ENRICO\DOCUMENTS\GITHUB\SDLGAME\SDL2-3D\SDL2-3D\DEBUG\LIGHTMANAGER.OBJ
C:\USERS\ENRICO\DOCUMENTS\GITHUB\SDLGAME\SDL2-3D\SDL2-3D\DEBUG\LIGHTSORTER.OBJ
C:\USERS\ENRICO\DOCUMENTS\GITHUB\SDLGAME\SDL2-3D\SDL2-3D\DEBUG\MAIN.OBJ
C:\USERS\ENRICO\DOCUMENTS\GITHUB\SDLGAME\SDL2-3D\SDL2-3D\DEBUG\CAMERA.OBJ
C:\USERS\ENRICO\DOCUMENTS\GITHUB\SDLGAME\SDL2-3D\SDL2-3D\DEBUG\STB_IMAGE.OBJ
C:\USERS\ENRICO\DOCUMENTS\GITHUB\SDLGAME\SDL2-3D\DEBUG\SDL2-3D.EXE
C:\USERS\ENRICO\DOCUMENTS\GITHUB\SDLGAME\SDL2-3D\DEBUG\SDL2-3D.PDB
C:\Users\Enrico\Documents\GitHub\sdlgame\sdl2-3d\sdl2-3d\Debug\Camera.obj
C:\Users\Enrico\Documents\GitHub\sdlgame\sdl2-3d\sdl2-3d\Debug\ComponentManager.obj
C:\Users\Enrico\Documents\GitHub\sdlgame\sdl2-3d\sdl2-3d\Debug\CubeMap.obj
C:\Users\Enrico\Documents\GitHub\sdlgame\sdl2-3d\sdl2-3d\Debug\DeltaProcessingSystem.obj
C:\Users\Enrico\Documents\GitHub\sdlgame\sdl2-3d\sdl2-3d\Debug\Entity.obj
C:\Users\Enrico\Documents\GitHub\sdlgame\sdl2-3d\sdl2-3d\Debug\EntityBuilder.obj
C:\Users\Enrico\Documents\GitHub\sdlgame\sdl2-3d\sdl2-3d\Debug\EntityFactory.obj
C:\Users\Enrico\Documents\GitHub\sdlgame\sdl2-3d\sdl2-3d\Debug\EntityInfo.obj
C:\Users\Enrico\Documents\GitHub\sdlgame\sdl2-3d\sdl2-3d\Debug\EntityManager.obj
C:\Users\Enrico\Documents\GitHub\sdlgame\sdl2-3d\sdl2-3d\Debug\EntityProcessingSystem.obj
C:\Users\Enrico\Documents\GitHub\sdlgame\sdl2-3d\sdl2-3d\Debug\EntitySystem.obj
C:\Users\Enrico\Documents\GitHub\sdlgame\sdl2-3d\sdl2-3d\Debug\FPSCameraController.obj
C:\Users\Enrico\Documents\GitHub\sdlgame\sdl2-3d\sdl2-3d\Debug\Game.obj
C:\Users\Enrico\Documents\GitHub\sdlgame\sdl2-3d\sdl2-3d\Debug\GameScreen.obj
C:\Users\Enrico\Documents\GitHub\sdlgame\sdl2-3d\sdl2-3d\Debug\GBuffer.obj
C:\Users\Enrico\Documents\GitHub\sdlgame\sdl2-3d\sdl2-3d\Debug\GroupManager.obj
C:\Users\Enrico\Documents\GitHub\sdlgame\sdl2-3d\sdl2-3d\Debug\HeightMap.obj
C:\Users\Enrico\Documents\GitHub\sdlgame\sdl2-3d\sdl2-3d\Debug\Light.obj
C:\Users\Enrico\Documents\GitHub\sdlgame\sdl2-3d\sdl2-3d\Debug\LightManager.obj
C:\Users\Enrico\Documents\GitHub\sdlgame\sdl2-3d\sdl2-3d\Debug\LightSorter.obj
C:\Users\Enrico\Documents\GitHub\sdlgame\sdl2-3d\sdl2-3d\Debug\main.obj
C:\Users\Enrico\Documents\GitHub\sdlgame\sdl2-3d\sdl2-3d\Debug\Manager.obj
C:\Users\Enrico\Documents\GitHub\sdlgame\sdl2-3d\sdl2-3d\Debug\ManagerManager.obj
C:\Users\Enrico\Documents\GitHub\sdlgame\sdl2-3d\sdl2-3d\Debug\MathUtils.obj
C:\Users\Enrico\Documents\GitHub\sdlgame\sdl2-3d\sdl2-3d\Debug\Mesh.obj
C:\Users\Enrico\Documents\GitHub\sdlgame\sdl2-3d\sdl2-3d\Debug\MouseLookSystem.obj
C:\Users\Enrico\Documents\GitHub\sdlgame\sdl2-3d\sdl2-3d\Debug\MovementSystem.obj
C:\Users\Enrico\Documents\GitHub\sdlgame\sdl2-3d\sdl2-3d\Debug\NumberUtils.obj
C:\Users\Enrico\Documents\GitHub\sdlgame\sdl2-3d\sdl2-3d\Debug\PerlinGenerator.obj
C:\Users\Enrico\Documents\GitHub\sdlgame\sdl2-3d\sdl2-3d\Debug\PerspectiveCamera.obj
C:\Users\Enrico\Documents\GitHub\sdlgame\sdl2-3d\sdl2-3d\Debug\Pixmap.obj
C:\Users\Enrico\Documents\GitHub\sdlgame\sdl2-3d\sdl2-3d\Debug\SDLGame.obj
C:\Users\Enrico\Documents\GitHub\sdlgame\sdl2-3d\sdl2-3d\Debug\Shader.obj
C:\Users\Enrico\Documents\GitHub\sdlgame\sdl2-3d\sdl2-3d\Debug\ShaderManager.obj
C:\Users\Enrico\Documents\GitHub\sdlgame\sdl2-3d\sdl2-3d\Debug\SkyBox.obj
C:\Users\Enrico\Documents\GitHub\sdlgame\sdl2-3d\sdl2-3d\Debug\SpriteBatch.obj
C:\Users\Enrico\Documents\GitHub\sdlgame\sdl2-3d\sdl2-3d\Debug\stb_image.obj
C:\Users\Enrico\Documents\GitHub\sdlgame\sdl2-3d\sdl2-3d\Debug\SystemManager.obj
C:\Users\Enrico\Documents\GitHub\sdlgame\sdl2-3d\sdl2-3d\Debug\TagManager.obj
C:\Users\Enrico\Documents\GitHub\sdlgame\sdl2-3d\sdl2-3d\Debug\Terrain.obj
C:\Users\Enrico\Documents\GitHub\sdlgame\sdl2-3d\sdl2-3d\Debug\Texture.obj
C:\Users\Enrico\Documents\GitHub\sdlgame\sdl2-3d\sdl2-3d\Debug\World.obj
C:\Users\Enrico\Documents\GitHub\sdlgame\sdl2-3d\sdl2-3d\Debug\vc120.idb
C:\Users\Enrico\Documents\GitHub\sdlgame\sdl2-3d\sdl2-3d\Debug\vc120.pdb
C:\Users\Enrico\Documents\GitHub\sdlgame\sdl2-3d\Debug\sdl2-3d.pdb
C:\Users\Enrico\Documents\GitHub\sdlgame\sdl2-3d\Debug\sdl2-3d.exe
C:\Users\Enrico\Documents\GitHub\sdlgame\sdl2-3d\sdl2-3d\Debug\sdl2-3d.tlog\cl.command.1.tlog
C:\Users\Enrico\Documents\GitHub\sdlgame\sdl2-3d\sdl2-3d\Debug\sdl2-3d.tlog\CL.read.1.tlog
C:\Users\Enrico\Documents\GitHub\sdlgame\sdl2-3d\sdl2-3d\Debug\sdl2-3d.tlog\CL.write.1.tlog
C:\Users\Enrico\Documents\GitHub\sdlgame\sdl2-3d\sdl2-3d\Debug\sdl2-3d.tlog\link.command.1.tlog
C:\Users\Enrico\Documents\GitHub\sdlgame\sdl2-3d\sdl2-3d\Debug\sdl2-3d.tlog\link.read.1.tlog
C:\Users\Enrico\Documents\GitHub\sdlgame\sdl2-3d\sdl2-3d\Debug\sdl2-3d.tlog\link.write.1.tlog
