Build started 9/5/2013 12:46:54 PM.
     1>Project "D:\Dropbox\sdl2-3d\sdl2-3d\sdl2-3d.vcxproj" on node 2 (build target(s)).
     1>InitializeBuildStatus:
         Creating "Debug\sdl2-3d.unsuccessfulbuild" because "AlwaysCreate" was specified.
       ClCompile:
         C:\Program Files (x86)\Microsoft Visual Studio 10.0\VC\bin\CL.exe /c /ZI /nologo /W3 /WX- /Od /Oy- /D WIN32 /D _DEBUG /D _WINDOWS /D _UNICODE /D UNICODE /Gm /EHsc /RTC1 /MDd /GS /fp:precise /Zc:wchar_t /Zc:forScope /Fo"Debug\\" /Fd"Debug\vc100.pdb" /Gd /TP /analyze- /errorReport:prompt GBuffer.cpp
         GBuffer.cpp
         All outputs are up-to-date.
       Link:
         C:\Program Files (x86)\Microsoft Visual Studio 10.0\VC\bin\link.exe /ERRORREPORT:PROMPT /OUT:"D:\Dropbox\sdl2-3d\Debug\sdl2-3d.exe" /INCREMENTAL:NO /NOLOGO /LIBPATH:"D:\Dropbox\sdl2-3d\sdl2-3d\..\SDL2-2.0.0\lib\x86" /LIBPATH:"D:\Dropbox\sdl2-3d\sdl2-3d\..\glew-1.10.0\lib\Debug\Win32" /LIBPATH:"D:\Dropbox\sdl2-3d\sdl2-3d\..\libpng" SDL2.lib SDL2main.lib opengl32.lib glu32.lib glew32d.lib libpng16d.lib kernel32.lib user32.lib gdi32.lib winspool.lib comdlg32.lib advapi32.lib shell32.lib ole32.lib oleaut32.lib uuid.lib odbc32.lib odbccp32.lib /MANIFEST /ManifestFile:"Debug\sdl2-3d.exe.intermediate.manifest" /MANIFESTUAC:"level='asInvoker' uiAccess='false'" /DEBUG /PDB:"D:\Dropbox\sdl2-3d\Debug\sdl2-3d.pdb" /SUBSYSTEM:WINDOWS /TLBID:1 /DYNAMICBASE /NXCOMPAT /IMPLIB:"D:\Dropbox\sdl2-3d\Debug\sdl2-3d.lib" /MACHINE:X86 Debug\Camera.obj
         Debug\ComponentManager.obj
         Debug\DeltaProcessingSystem.obj
         Debug\Entity.obj
         Debug\EntityBuilder.obj
         Debug\EntityFactory.obj
         Debug\EntityInfo.obj
         Debug\EntityManager.obj
         Debug\EntityProcessingSystem.obj
         Debug\EntitySystem.obj
         Debug\FPSCameraController.obj
         Debug\Game.obj
         Debug\GameScreen.obj
         Debug\GBuffer.obj
         Debug\GroupManager.obj
         Debug\HeightMap.obj
         Debug\Light.obj
         Debug\LightManager.obj
         Debug\LightSorter.obj
         Debug\main.obj
         Debug\Manager.obj
         Debug\ManagerManager.obj
         Debug\MathUtils.obj
         Debug\MouseLookSystem.obj
         Debug\MovementSystem.obj
         Debug\NumberUtils.obj
         Debug\PerlinGenerator.obj
         Debug\PerspectiveCamera.obj
         Debug\Pixmap.obj
         Debug\SDLGame.obj
         Debug\Shader.obj
         Debug\ShaderManager.obj
         Debug\SpriteBatch.obj
         Debug\stb_image.obj
         Debug\SystemManager.obj
         Debug\TagManager.obj
         Debug\Terrain.obj
         Debug\Terrain2.obj
         Debug\Texture.obj
         Debug\World.obj
     1>Camera.obj : warning LNK4075: ignoring '/EDITANDCONTINUE' due to '/INCREMENTAL:NO' specification
     1>MSVCRTD.lib(cinitexe.obj) : warning LNK4098: defaultlib 'msvcrt.lib' conflicts with use of other libs; use /NODEFAULTLIB:library
         sdl2-3d.vcxproj -> D:\Dropbox\sdl2-3d\Debug\sdl2-3d.exe
       Manifest:
         C:\Program Files (x86)\Microsoft SDKs\Windows\v7.0A\bin\mt.exe /nologo /verbose /outputresource:"D:\Dropbox\sdl2-3d\Debug\sdl2-3d.exe;#1" /manifest "Debug\sdl2-3d.exe.intermediate.manifest"
       FinalizeBuildStatus:
         Deleting file "Debug\sdl2-3d.unsuccessfulbuild".
         Touching "Debug\sdl2-3d.lastbuildstate".
     1>Done Building Project "D:\Dropbox\sdl2-3d\sdl2-3d\sdl2-3d.vcxproj" (build target(s)).

Build succeeded.

Time Elapsed 00:00:01.68
