Build started 12-2-2014 15:12:10.
     1>Project "C:\Users\evoosten\Documents\GitHub\sdlgame\sdl2-3d\sdl2-3d\sdl2-3d.vcxproj" on node 2 (Build target(s)).
     1>ClCompile:
         C:\Program Files (x86)\Microsoft Visual Studio 12.0\VC\bin\CL.exe /c /Zi /nologo /W3 /WX- /Ox /Oi /Ot /Oy- /GL /D WIN32 /D NDEBUG /D _WINDOWS /D _UNICODE /D UNICODE /Gm /EHsc /MD /GS /Gy /fp:fast /Zc:wchar_t /Zc:forScope /openmp /Fo"Release\\" /Fd"Release\vc120.pdb" /Gd /TP /analyze- /errorReport:prompt Engine\Graphics\GL\DeferredShader.cpp Engine\Graphics\GL\GBuffer.cpp Engine\Graphics\HeightMap.cpp Engine\Graphics\Model\IGraphicsProvider.h Engine\Graphics\Renderers\HeightMapRenderer.cpp Engine\Input\Input.cpp Engine\Utils\PerlinGenerator.cpp Game.cpp Screens\GameScreen.cpp Voxel\ChunkManager.cpp Voxel\PropertyManager.cpp Voxel\VoxelBlock.cpp Voxel\VoxelChunk.cpp Voxel\VoxelRenderer.cpp Voxel\VoxelWorld.cpp Voxel\WorldRenderer.cpp main.cpp
         main.cpp
     1>c:\users\evoosten\documents\github\sdlgame\sdl2-3d\sdl2-3d\Engine/Input/Input.h(28): error C2061: syntax error : identifier 'SDL_Keysym'
     1>c:\users\evoosten\documents\github\sdlgame\sdl2-3d\sdl2-3d\Engine/Input/Input.h(29): error C2061: syntax error : identifier 'SDL_Keysym'
         Compiling...
         DeferredShader.cpp
     1>c:\users\evoosten\documents\github\sdlgame\sdl2-3d\sdl2-3d\Engine/Input/Input.h(28): error C2061: syntax error : identifier 'SDL_Keysym'
     1>c:\users\evoosten\documents\github\sdlgame\sdl2-3d\sdl2-3d\Engine/Input/Input.h(29): error C2061: syntax error : identifier 'SDL_Keysym'
         Compiling...
         GBuffer.cpp
     1>c:\users\evoosten\documents\github\sdlgame\sdl2-3d\sdl2-3d\Engine/Input/Input.h(28): error C2061: syntax error : identifier 'SDL_Keysym'
     1>c:\users\evoosten\documents\github\sdlgame\sdl2-3d\sdl2-3d\Engine/Input/Input.h(29): error C2061: syntax error : identifier 'SDL_Keysym'
         Compiling...
         HeightMap.cpp
         Compiling...
         PerlinGenerator.cpp
         HeightMapRenderer.cpp
         Compiling...
         Input.cpp
         Compiling...
         WorldRenderer.cpp
         VoxelWorld.cpp
         VoxelRenderer.cpp
         GameScreen.cpp
         Game.cpp
         Skipping... (no relevant changes detected)
         VoxelChunk.cpp
         VoxelBlock.cpp
         PropertyManager.cpp
         ChunkManager.cpp
         IGraphicsProvider.h
     1>Done Building Project "C:\Users\evoosten\Documents\GitHub\sdlgame\sdl2-3d\sdl2-3d\sdl2-3d.vcxproj" (Build target(s)) -- FAILED.

Build FAILED.

Time Elapsed 00:00:15.51
