Build started 18/07/2013 19:52:43.
     1>Project "D:\glsdk_0.5.0\glmesh\glmesh.vcxproj" on node 5 (build target(s)).
     1>InitializeBuildStatus:
         Creating "Release\glmesh.unsuccessfulbuild" because "AlwaysCreate" was specified.
       ClCompile:
         C:\Program Files (x86)\Microsoft Visual Studio 10.0\VC\bin\CL.exe /c /Iinclude /Isource /I..\glload\include /I..\glutil\include /I..\glm /I..\boost /nologo /W4 /WX- /O2 /Oy /GL /D _CRT_SECURE_NO_WARNINGS /D _SCL_SECURE_NO_WARNINGS /D BOOST_ALL_NO_LIB /D WIN32 /D NDEBUG /D RELEASE /D _UNICODE /D UNICODE /GF /Gm- /EHsc /MD /GS /Gy /fp:precise /Zc:wchar_t /Zc:forScope /Fo"Release\\" /Fd"Release\vc100.pdb" /Gd /TP /analyze- /errorReport:prompt source\CpuDataWriter.cpp source\Draw.cpp source\GenHelper.cpp source\GenMeshMisc.cpp source\GenPlatonic.cpp source\GenQuadrics.cpp source\Mesh.cpp source\StreamBuffer.cpp source\VertexFormat.cpp source\VertexWriter.cpp
         CpuDataWriter.cpp
     1>d:\glsdk_0.5.0\glm\glm\core\type_vec2.hpp(77): warning C4201: nonstandard extension used : nameless struct/union
                 d:\glsdk_0.5.0\glm\glm\core\type_vec2.hpp(222) : see reference to class template instantiation 'glm::detail::tvec2<T>' being compiled
     1>d:\glsdk_0.5.0\glm\glm\core\type_vec2.hpp(78): warning C4201: nonstandard extension used : nameless struct/union
     1>d:\glsdk_0.5.0\glm\glm\core\type_vec2.hpp(79): warning C4201: nonstandard extension used : nameless struct/union
     1>d:\glsdk_0.5.0\glm\glm\core\type_vec3.hpp(77): warning C4201: nonstandard extension used : nameless struct/union
                 d:\glsdk_0.5.0\glm\glm\core\type_vec3.hpp(247) : see reference to class template instantiation 'glm::detail::tvec3<T>' being compiled
     1>d:\glsdk_0.5.0\glm\glm\core\type_vec3.hpp(78): warning C4201: nonstandard extension used : nameless struct/union
     1>d:\glsdk_0.5.0\glm\glm\core\type_vec3.hpp(79): warning C4201: nonstandard extension used : nameless struct/union
     1>d:\glsdk_0.5.0\glm\glm\core\type_vec4.hpp(77): warning C4201: nonstandard extension used : nameless struct/union
                 d:\glsdk_0.5.0\glm\glm\core\type_vec4.hpp(303) : see reference to class template instantiation 'glm::detail::tvec4<T>' being compiled
     1>d:\glsdk_0.5.0\glm\glm\core\type_vec4.hpp(78): warning C4201: nonstandard extension used : nameless struct/union
     1>d:\glsdk_0.5.0\glm\glm\core\type_vec4.hpp(79): warning C4201: nonstandard extension used : nameless struct/union
     1>d:\glsdk_0.5.0\glm\glm\core\type_vec2.hpp(77): warning C4201: nonstandard extension used : nameless struct/union
                 d:\glsdk_0.5.0\glm\glm\core\func_common.inl(945) : see reference to class template instantiation 'glm::detail::tvec2<T>' being compiled
                 with
                 [
                     T=glm::mediump_int
                 ]
     1>d:\glsdk_0.5.0\glm\glm\core\type_vec2.hpp(78): warning C4201: nonstandard extension used : nameless struct/union
     1>d:\glsdk_0.5.0\glm\glm\core\type_vec2.hpp(79): warning C4201: nonstandard extension used : nameless struct/union
     1>d:\glsdk_0.5.0\glm\glm\core\type_vec2.hpp(77): warning C4201: nonstandard extension used : nameless struct/union
                 d:\glsdk_0.5.0\glm\glm\core\func_common.inl(947) : see reference to class template instantiation 'glm::detail::tvec2<T>' being compiled
                 with
                 [
                     T=glm::mediump_float
                 ]
     1>d:\glsdk_0.5.0\glm\glm\core\type_vec2.hpp(78): warning C4201: nonstandard extension used : nameless struct/union
     1>d:\glsdk_0.5.0\glm\glm\core\type_vec2.hpp(79): warning C4201: nonstandard extension used : nameless struct/union
     1>d:\glsdk_0.5.0\glm\glm\core\type_vec3.hpp(77): warning C4201: nonstandard extension used : nameless struct/union
                 d:\glsdk_0.5.0\glm\glm\core\func_common.inl(955) : see reference to class template instantiation 'glm::detail::tvec3<T>' being compiled
                 with
                 [
                     T=glm::mediump_int
                 ]
     1>d:\glsdk_0.5.0\glm\glm\core\type_vec3.hpp(78): warning C4201: nonstandard extension used : nameless struct/union
     1>d:\glsdk_0.5.0\glm\glm\core\type_vec3.hpp(79): warning C4201: nonstandard extension used : nameless struct/union
     1>d:\glsdk_0.5.0\glm\glm\core\type_vec3.hpp(77): warning C4201: nonstandard extension used : nameless struct/union
                 d:\glsdk_0.5.0\glm\glm\core\func_common.inl(957) : see reference to class template instantiation 'glm::detail::tvec3<T>' being compiled
                 with
                 [
                     T=glm::mediump_float
                 ]
     1>d:\glsdk_0.5.0\glm\glm\core\type_vec3.hpp(78): warning C4201: nonstandard extension used : nameless struct/union
     1>d:\glsdk_0.5.0\glm\glm\core\type_vec3.hpp(79): warning C4201: nonstandard extension used : nameless struct/union
     1>d:\glsdk_0.5.0\glm\glm\core\type_vec4.hpp(77): warning C4201: nonstandard extension used : nameless struct/union
                 d:\glsdk_0.5.0\glm\glm\core\func_common.inl(966) : see reference to class template instantiation 'glm::detail::tvec4<T>' being compiled
                 with
                 [
                     T=glm::mediump_int
                 ]
     1>d:\glsdk_0.5.0\glm\glm\core\type_vec4.hpp(78): warning C4201: nonstandard extension used : nameless struct/union
     1>d:\glsdk_0.5.0\glm\glm\core\type_vec4.hpp(79): warning C4201: nonstandard extension used : nameless struct/union
     1>d:\glsdk_0.5.0\glm\glm\core\type_vec4.hpp(77): warning C4201: nonstandard extension used : nameless struct/union
                 d:\glsdk_0.5.0\glm\glm\core\func_common.inl(968) : see reference to class template instantiation 'glm::detail::tvec4<T>' being compiled
                 with
                 [
                     T=glm::mediump_float
                 ]
     1>d:\glsdk_0.5.0\glm\glm\core\type_vec4.hpp(78): warning C4201: nonstandard extension used : nameless struct/union
     1>d:\glsdk_0.5.0\glm\glm\core\type_vec4.hpp(79): warning C4201: nonstandard extension used : nameless struct/union
     1>d:\glsdk_0.5.0\glm\glm\core\type_vec2.hpp(77): warning C4201: nonstandard extension used : nameless struct/union
                 d:\glsdk_0.5.0\glm\glm\core\func_common.inl(990) : see reference to class template instantiation 'glm::detail::tvec2<T>' being compiled
                 with
                 [
                     T=glm::mediump_uint
                 ]
     1>d:\glsdk_0.5.0\glm\glm\core\type_vec2.hpp(78): warning C4201: nonstandard extension used : nameless struct/union
     1>d:\glsdk_0.5.0\glm\glm\core\type_vec2.hpp(79): warning C4201: nonstandard extension used : nameless struct/union
     1>d:\glsdk_0.5.0\glm\glm\core\type_vec3.hpp(77): warning C4201: nonstandard extension used : nameless struct/union
                 d:\glsdk_0.5.0\glm\glm\core\func_common.inl(1000) : see reference to class template instantiation 'glm::detail::tvec3<T>' being compiled
                 with
                 [
                     T=glm::mediump_uint
                 ]
     1>d:\glsdk_0.5.0\glm\glm\core\type_vec3.hpp(78): warning C4201: nonstandard extension used : nameless struct/union
     1>d:\glsdk_0.5.0\glm\glm\core\type_vec3.hpp(79): warning C4201: nonstandard extension used : nameless struct/union
     1>d:\glsdk_0.5.0\glm\glm\core\type_vec4.hpp(77): warning C4201: nonstandard extension used : nameless struct/union
                 d:\glsdk_0.5.0\glm\glm\core\func_common.inl(1011) : see reference to class template instantiation 'glm::detail::tvec4<T>' being compiled
                 with
                 [
                     T=glm::mediump_uint
                 ]
     1>d:\glsdk_0.5.0\glm\glm\core\type_vec4.hpp(78): warning C4201: nonstandard extension used : nameless struct/union
     1>d:\glsdk_0.5.0\glm\glm\core\type_vec4.hpp(79): warning C4201: nonstandard extension used : nameless struct/union
     1>d:\glsdk_0.5.0\glm\glm\core\type_vec2.hpp(77): warning C4201: nonstandard extension used : nameless struct/union
                 d:\glsdk_0.5.0\glm\glm\gtc\half_float.inl(1016) : see reference to class template instantiation 'glm::detail::tvec2<T>' being compiled
                 with
                 [
                     T=glm::detail::half
                 ]
     1>d:\glsdk_0.5.0\glm\glm\core\type_vec2.hpp(78): warning C4201: nonstandard extension used : nameless struct/union
     1>d:\glsdk_0.5.0\glm\glm\core\type_vec2.hpp(79): warning C4201: nonstandard extension used : nameless struct/union
     1>d:\glsdk_0.5.0\glm\glm\core\type_vec3.hpp(77): warning C4201: nonstandard extension used : nameless struct/union
                 d:\glsdk_0.5.0\glm\glm\gtc\half_float.inl(1023) : see reference to class template instantiation 'glm::detail::tvec3<T>' being compiled
                 with
                 [
                     T=glm::detail::half
                 ]
     1>d:\glsdk_0.5.0\glm\glm\core\type_vec3.hpp(78): warning C4201: nonstandard extension used : nameless struct/union
     1>d:\glsdk_0.5.0\glm\glm\core\type_vec3.hpp(79): warning C4201: nonstandard extension used : nameless struct/union
     1>d:\glsdk_0.5.0\glm\glm\core\type_vec4.hpp(77): warning C4201: nonstandard extension used : nameless struct/union
                 d:\glsdk_0.5.0\glm\glm\gtc\half_float.inl(1031) : see reference to class template instantiation 'glm::detail::tvec4<T>' being compiled
                 with
                 [
                     T=glm::detail::half
                 ]
     1>d:\glsdk_0.5.0\glm\glm\core\type_vec4.hpp(78): warning C4201: nonstandard extension used : nameless struct/union
     1>d:\glsdk_0.5.0\glm\glm\core\type_vec4.hpp(79): warning C4201: nonstandard extension used : nameless struct/union
     1>d:\glsdk_0.5.0\glm\glm\core\type_vec4.hpp(77): warning C4201: nonstandard extension used : nameless struct/union
                 d:\glsdk_0.5.0\glmesh\include\glmesh\VertexWriter.h(152) : see reference to class template instantiation 'glm::detail::tvec4<T>' being compiled
                 with
                 [
                     T=glm::highp_float
                 ]
     1>d:\glsdk_0.5.0\glm\glm\core\type_vec4.hpp(78): warning C4201: nonstandard extension used : nameless struct/union
     1>d:\glsdk_0.5.0\glm\glm\core\type_vec4.hpp(79): warning C4201: nonstandard extension used : nameless struct/union
     1>d:\glsdk_0.5.0\glm\glm\core\type_vec4.hpp(77): warning C4201: nonstandard extension used : nameless struct/union
                 d:\glsdk_0.5.0\glmesh\include\glmesh\VertexWriter.h(162) : see reference to class template instantiation 'glm::detail::tvec4<T>' being compiled
                 with
                 [
                     T=GLbyte
                 ]
     1>d:\glsdk_0.5.0\glm\glm\core\type_vec4.hpp(78): warning C4201: nonstandard extension used : nameless struct/union
     1>d:\glsdk_0.5.0\glm\glm\core\type_vec4.hpp(79): warning C4201: nonstandard extension used : nameless struct/union
     1>d:\glsdk_0.5.0\glm\glm\core\type_vec4.hpp(77): warning C4201: nonstandard extension used : nameless struct/union
                 d:\glsdk_0.5.0\glmesh\include\glmesh\VertexWriter.h(172) : see reference to class template instantiation 'glm::detail::tvec4<T>' being compiled
                 with
                 [
                     T=GLubyte
                 ]
     1>d:\glsdk_0.5.0\glm\glm\core\type_vec4.hpp(78): warning C4201: nonstandard extension used : nameless struct/union
     1>d:\glsdk_0.5.0\glm\glm\core\type_vec4.hpp(79): warning C4201: nonstandard extension used : nameless struct/union
     1>d:\glsdk_0.5.0\glm\glm\core\type_vec4.hpp(77): warning C4201: nonstandard extension used : nameless struct/union
                 d:\glsdk_0.5.0\glmesh\include\glmesh\VertexWriter.h(182) : see reference to class template instantiation 'glm::detail::tvec4<T>' being compiled
                 with
                 [
                     T=glm::lowp_int
                 ]
     1>d:\glsdk_0.5.0\glm\glm\core\type_vec4.hpp(78): warning C4201: nonstandard extension used : nameless struct/union
     1>d:\glsdk_0.5.0\glm\glm\core\type_vec4.hpp(79): warning C4201: nonstandard extension used : nameless struct/union
     1>d:\glsdk_0.5.0\glm\glm\core\type_vec4.hpp(77): warning C4201: nonstandard extension used : nameless struct/union
                 d:\glsdk_0.5.0\glmesh\include\glmesh\VertexWriter.h(192) : see reference to class template instantiation 'glm::detail::tvec4<T>' being compiled
                 with
                 [
                     T=glm::lowp_uint
                 ]
     1>d:\glsdk_0.5.0\glm\glm\core\type_vec4.hpp(78): warning C4201: nonstandard extension used : nameless struct/union
     1>d:\glsdk_0.5.0\glm\glm\core\type_vec4.hpp(79): warning C4201: nonstandard extension used : nameless struct/union
     1>include\glmesh/CpuDataWriter.h(141): warning C4512: 'glmesh::CpuDataWriter' : assignment operator could not be generated
                 include\glmesh/CpuDataWriter.h(68) : see declaration of 'glmesh::CpuDataWriter'
         Draw.cpp
     1>d:\glsdk_0.5.0\glm\glm\core\type_vec2.hpp(77): warning C4201: nonstandard extension used : nameless struct/union
                 d:\glsdk_0.5.0\glm\glm\core\type_vec2.hpp(222) : see reference to class template instantiation 'glm::detail::tvec2<T>' being compiled
     1>d:\glsdk_0.5.0\glm\glm\core\type_vec2.hpp(78): warning C4201: nonstandard extension used : nameless struct/union
     1>d:\glsdk_0.5.0\glm\glm\core\type_vec2.hpp(79): warning C4201: nonstandard extension used : nameless struct/union
     1>d:\glsdk_0.5.0\glm\glm\core\type_vec3.hpp(77): warning C4201: nonstandard extension used : nameless struct/union
                 d:\glsdk_0.5.0\glm\glm\core\type_vec3.hpp(247) : see reference to class template instantiation 'glm::detail::tvec3<T>' being compiled
     1>d:\glsdk_0.5.0\glm\glm\core\type_vec3.hpp(78): warning C4201: nonstandard extension used : nameless struct/union
     1>d:\glsdk_0.5.0\glm\glm\core\type_vec3.hpp(79): warning C4201: nonstandard extension used : nameless struct/union
     1>d:\glsdk_0.5.0\glm\glm\core\type_vec4.hpp(77): warning C4201: nonstandard extension used : nameless struct/union
                 d:\glsdk_0.5.0\glm\glm\core\type_vec4.hpp(303) : see reference to class template instantiation 'glm::detail::tvec4<T>' being compiled
     1>d:\glsdk_0.5.0\glm\glm\core\type_vec4.hpp(78): warning C4201: nonstandard extension used : nameless struct/union
     1>d:\glsdk_0.5.0\glm\glm\core\type_vec4.hpp(79): warning C4201: nonstandard extension used : nameless struct/union
     1>d:\glsdk_0.5.0\glm\glm\core\type_vec2.hpp(77): warning C4201: nonstandard extension used : nameless struct/union
                 d:\glsdk_0.5.0\glm\glm\core\func_common.inl(945) : see reference to class template instantiation 'glm::detail::tvec2<T>' being compiled
                 with
                 [
                     T=glm::mediump_int
                 ]
     1>d:\glsdk_0.5.0\glm\glm\core\type_vec2.hpp(78): warning C4201: nonstandard extension used : nameless struct/union
     1>d:\glsdk_0.5.0\glm\glm\core\type_vec2.hpp(79): warning C4201: nonstandard extension used : nameless struct/union
     1>d:\glsdk_0.5.0\glm\glm\core\type_vec2.hpp(77): warning C4201: nonstandard extension used : nameless struct/union
                 d:\glsdk_0.5.0\glm\glm\core\func_common.inl(947) : see reference to class template instantiation 'glm::detail::tvec2<T>' being compiled
                 with
                 [
                     T=glm::mediump_float
                 ]
     1>d:\glsdk_0.5.0\glm\glm\core\type_vec2.hpp(78): warning C4201: nonstandard extension used : nameless struct/union
     1>d:\glsdk_0.5.0\glm\glm\core\type_vec2.hpp(79): warning C4201: nonstandard extension used : nameless struct/union
     1>d:\glsdk_0.5.0\glm\glm\core\type_vec3.hpp(77): warning C4201: nonstandard extension used : nameless struct/union
                 d:\glsdk_0.5.0\glm\glm\core\func_common.inl(955) : see reference to class template instantiation 'glm::detail::tvec3<T>' being compiled
                 with
                 [
                     T=glm::mediump_int
                 ]
     1>d:\glsdk_0.5.0\glm\glm\core\type_vec3.hpp(78): warning C4201: nonstandard extension used : nameless struct/union
     1>d:\glsdk_0.5.0\glm\glm\core\type_vec3.hpp(79): warning C4201: nonstandard extension used : nameless struct/union
     1>d:\glsdk_0.5.0\glm\glm\core\type_vec3.hpp(77): warning C4201: nonstandard extension used : nameless struct/union
                 d:\glsdk_0.5.0\glm\glm\core\func_common.inl(957) : see reference to class template instantiation 'glm::detail::tvec3<T>' being compiled
                 with
                 [
                     T=glm::mediump_float
                 ]
     1>d:\glsdk_0.5.0\glm\glm\core\type_vec3.hpp(78): warning C4201: nonstandard extension used : nameless struct/union
     1>d:\glsdk_0.5.0\glm\glm\core\type_vec3.hpp(79): warning C4201: nonstandard extension used : nameless struct/union
     1>d:\glsdk_0.5.0\glm\glm\core\type_vec4.hpp(77): warning C4201: nonstandard extension used : nameless struct/union
                 d:\glsdk_0.5.0\glm\glm\core\func_common.inl(966) : see reference to class template instantiation 'glm::detail::tvec4<T>' being compiled
                 with
                 [
                     T=glm::mediump_int
                 ]
     1>d:\glsdk_0.5.0\glm\glm\core\type_vec4.hpp(78): warning C4201: nonstandard extension used : nameless struct/union
     1>d:\glsdk_0.5.0\glm\glm\core\type_vec4.hpp(79): warning C4201: nonstandard extension used : nameless struct/union
     1>d:\glsdk_0.5.0\glm\glm\core\type_vec4.hpp(77): warning C4201: nonstandard extension used : nameless struct/union
                 d:\glsdk_0.5.0\glm\glm\core\func_common.inl(968) : see reference to class template instantiation 'glm::detail::tvec4<T>' being compiled
                 with
                 [
                     T=glm::mediump_float
                 ]
     1>d:\glsdk_0.5.0\glm\glm\core\type_vec4.hpp(78): warning C4201: nonstandard extension used : nameless struct/union
     1>d:\glsdk_0.5.0\glm\glm\core\type_vec4.hpp(79): warning C4201: nonstandard extension used : nameless struct/union
     1>d:\glsdk_0.5.0\glm\glm\core\type_vec2.hpp(77): warning C4201: nonstandard extension used : nameless struct/union
                 d:\glsdk_0.5.0\glm\glm\core\func_common.inl(990) : see reference to class template instantiation 'glm::detail::tvec2<T>' being compiled
                 with
                 [
                     T=glm::mediump_uint
                 ]
     1>d:\glsdk_0.5.0\glm\glm\core\type_vec2.hpp(78): warning C4201: nonstandard extension used : nameless struct/union
     1>d:\glsdk_0.5.0\glm\glm\core\type_vec2.hpp(79): warning C4201: nonstandard extension used : nameless struct/union
     1>d:\glsdk_0.5.0\glm\glm\core\type_vec3.hpp(77): warning C4201: nonstandard extension used : nameless struct/union
                 d:\glsdk_0.5.0\glm\glm\core\func_common.inl(1000) : see reference to class template instantiation 'glm::detail::tvec3<T>' being compiled
                 with
                 [
                     T=glm::mediump_uint
                 ]
     1>d:\glsdk_0.5.0\glm\glm\core\type_vec3.hpp(78): warning C4201: nonstandard extension used : nameless struct/union
     1>d:\glsdk_0.5.0\glm\glm\core\type_vec3.hpp(79): warning C4201: nonstandard extension used : nameless struct/union
     1>d:\glsdk_0.5.0\glm\glm\core\type_vec4.hpp(77): warning C4201: nonstandard extension used : nameless struct/union
                 d:\glsdk_0.5.0\glm\glm\core\func_common.inl(1011) : see reference to class template instantiation 'glm::detail::tvec4<T>' being compiled
                 with
                 [
                     T=glm::mediump_uint
                 ]
     1>d:\glsdk_0.5.0\glm\glm\core\type_vec4.hpp(78): warning C4201: nonstandard extension used : nameless struct/union
     1>d:\glsdk_0.5.0\glm\glm\core\type_vec4.hpp(79): warning C4201: nonstandard extension used : nameless struct/union
     1>d:\glsdk_0.5.0\glm\glm\core\type_vec2.hpp(77): warning C4201: nonstandard extension used : nameless struct/union
                 d:\glsdk_0.5.0\glm\glm\gtc\half_float.inl(1016) : see reference to class template instantiation 'glm::detail::tvec2<T>' being compiled
                 with
                 [
                     T=glm::detail::half
                 ]
     1>d:\glsdk_0.5.0\glm\glm\core\type_vec2.hpp(78): warning C4201: nonstandard extension used : nameless struct/union
     1>d:\glsdk_0.5.0\glm\glm\core\type_vec2.hpp(79): warning C4201: nonstandard extension used : nameless struct/union
     1>d:\glsdk_0.5.0\glm\glm\core\type_vec3.hpp(77): warning C4201: nonstandard extension used : nameless struct/union
                 d:\glsdk_0.5.0\glm\glm\gtc\half_float.inl(1023) : see reference to class template instantiation 'glm::detail::tvec3<T>' being compiled
                 with
                 [
                     T=glm::detail::half
                 ]
     1>d:\glsdk_0.5.0\glm\glm\core\type_vec3.hpp(78): warning C4201: nonstandard extension used : nameless struct/union
     1>d:\glsdk_0.5.0\glm\glm\core\type_vec3.hpp(79): warning C4201: nonstandard extension used : nameless struct/union
     1>d:\glsdk_0.5.0\glm\glm\core\type_vec4.hpp(77): warning C4201: nonstandard extension used : nameless struct/union
                 d:\glsdk_0.5.0\glm\glm\gtc\half_float.inl(1031) : see reference to class template instantiation 'glm::detail::tvec4<T>' being compiled
                 with
                 [
                     T=glm::detail::half
                 ]
     1>d:\glsdk_0.5.0\glm\glm\core\type_vec4.hpp(78): warning C4201: nonstandard extension used : nameless struct/union
     1>d:\glsdk_0.5.0\glm\glm\core\type_vec4.hpp(79): warning C4201: nonstandard extension used : nameless struct/union
     1>d:\glsdk_0.5.0\glm\glm\core\type_vec4.hpp(77): warning C4201: nonstandard extension used : nameless struct/union
                 d:\glsdk_0.5.0\glmesh\include\glmesh\VertexWriter.h(152) : see reference to class template instantiation 'glm::detail::tvec4<T>' being compiled
                 with
                 [
                     T=glm::highp_float
                 ]
     1>d:\glsdk_0.5.0\glm\glm\core\type_vec4.hpp(78): warning C4201: nonstandard extension used : nameless struct/union
     1>d:\glsdk_0.5.0\glm\glm\core\type_vec4.hpp(79): warning C4201: nonstandard extension used : nameless struct/union
     1>d:\glsdk_0.5.0\glm\glm\core\type_vec4.hpp(77): warning C4201: nonstandard extension used : nameless struct/union
                 d:\glsdk_0.5.0\glmesh\include\glmesh\VertexWriter.h(162) : see reference to class template instantiation 'glm::detail::tvec4<T>' being compiled
                 with
                 [
                     T=GLbyte
                 ]
     1>d:\glsdk_0.5.0\glm\glm\core\type_vec4.hpp(78): warning C4201: nonstandard extension used : nameless struct/union
     1>d:\glsdk_0.5.0\glm\glm\core\type_vec4.hpp(79): warning C4201: nonstandard extension used : nameless struct/union
     1>d:\glsdk_0.5.0\glm\glm\core\type_vec4.hpp(77): warning C4201: nonstandard extension used : nameless struct/union
                 d:\glsdk_0.5.0\glmesh\include\glmesh\VertexWriter.h(172) : see reference to class template instantiation 'glm::detail::tvec4<T>' being compiled
                 with
                 [
                     T=GLubyte
                 ]
     1>d:\glsdk_0.5.0\glm\glm\core\type_vec4.hpp(78): warning C4201: nonstandard extension used : nameless struct/union
     1>d:\glsdk_0.5.0\glm\glm\core\type_vec4.hpp(79): warning C4201: nonstandard extension used : nameless struct/union
     1>d:\glsdk_0.5.0\glm\glm\core\type_vec4.hpp(77): warning C4201: nonstandard extension used : nameless struct/union
                 d:\glsdk_0.5.0\glmesh\include\glmesh\VertexWriter.h(182) : see reference to class template instantiation 'glm::detail::tvec4<T>' being compiled
                 with
                 [
                     T=glm::lowp_int
                 ]
     1>d:\glsdk_0.5.0\glm\glm\core\type_vec4.hpp(78): warning C4201: nonstandard extension used : nameless struct/union
     1>d:\glsdk_0.5.0\glm\glm\core\type_vec4.hpp(79): warning C4201: nonstandard extension used : nameless struct/union
     1>d:\glsdk_0.5.0\glm\glm\core\type_vec4.hpp(77): warning C4201: nonstandard extension used : nameless struct/union
                 d:\glsdk_0.5.0\glmesh\include\glmesh\VertexWriter.h(192) : see reference to class template instantiation 'glm::detail::tvec4<T>' being compiled
                 with
                 [
                     T=glm::lowp_uint
                 ]
     1>d:\glsdk_0.5.0\glm\glm\core\type_vec4.hpp(78): warning C4201: nonstandard extension used : nameless struct/union
     1>d:\glsdk_0.5.0\glm\glm\core\type_vec4.hpp(79): warning C4201: nonstandard extension used : nameless struct/union
         GenHelper.cpp
         GenMeshMisc.cpp
     1>d:\glsdk_0.5.0\glm\glm\core\type_vec2.hpp(77): warning C4201: nonstandard extension used : nameless struct/union
                 d:\glsdk_0.5.0\glm\glm\core\type_vec2.hpp(222) : see reference to class template instantiation 'glm::detail::tvec2<T>' being compiled
     1>d:\glsdk_0.5.0\glm\glm\core\type_vec2.hpp(78): warning C4201: nonstandard extension used : nameless struct/union
     1>d:\glsdk_0.5.0\glm\glm\core\type_vec2.hpp(79): warning C4201: nonstandard extension used : nameless struct/union
     1>d:\glsdk_0.5.0\glm\glm\core\type_vec3.hpp(77): warning C4201: nonstandard extension used : nameless struct/union
                 d:\glsdk_0.5.0\glm\glm\core\type_vec3.hpp(247) : see reference to class template instantiation 'glm::detail::tvec3<T>' being compiled
     1>d:\glsdk_0.5.0\glm\glm\core\type_vec3.hpp(78): warning C4201: nonstandard extension used : nameless struct/union
     1>d:\glsdk_0.5.0\glm\glm\core\type_vec3.hpp(79): warning C4201: nonstandard extension used : nameless struct/union
     1>d:\glsdk_0.5.0\glm\glm\core\type_vec4.hpp(77): warning C4201: nonstandard extension used : nameless struct/union
                 d:\glsdk_0.5.0\glm\glm\core\type_vec4.hpp(303) : see reference to class template instantiation 'glm::detail::tvec4<T>' being compiled
     1>d:\glsdk_0.5.0\glm\glm\core\type_vec4.hpp(78): warning C4201: nonstandard extension used : nameless struct/union
     1>d:\glsdk_0.5.0\glm\glm\core\type_vec4.hpp(79): warning C4201: nonstandard extension used : nameless struct/union
     1>d:\glsdk_0.5.0\glm\glm\core\type_vec2.hpp(77): warning C4201: nonstandard extension used : nameless struct/union
                 d:\glsdk_0.5.0\glm\glm\core\func_common.inl(945) : see reference to class template instantiation 'glm::detail::tvec2<T>' being compiled
                 with
                 [
                     T=glm::mediump_int
                 ]
     1>d:\glsdk_0.5.0\glm\glm\core\type_vec2.hpp(78): warning C4201: nonstandard extension used : nameless struct/union
     1>d:\glsdk_0.5.0\glm\glm\core\type_vec2.hpp(79): warning C4201: nonstandard extension used : nameless struct/union
     1>d:\glsdk_0.5.0\glm\glm\core\type_vec2.hpp(77): warning C4201: nonstandard extension used : nameless struct/union
                 d:\glsdk_0.5.0\glm\glm\core\func_common.inl(947) : see reference to class template instantiation 'glm::detail::tvec2<T>' being compiled
                 with
                 [
                     T=glm::mediump_float
                 ]
     1>d:\glsdk_0.5.0\glm\glm\core\type_vec2.hpp(78): warning C4201: nonstandard extension used : nameless struct/union
     1>d:\glsdk_0.5.0\glm\glm\core\type_vec2.hpp(79): warning C4201: nonstandard extension used : nameless struct/union
     1>d:\glsdk_0.5.0\glm\glm\core\type_vec3.hpp(77): warning C4201: nonstandard extension used : nameless struct/union
                 d:\glsdk_0.5.0\glm\glm\core\func_common.inl(955) : see reference to class template instantiation 'glm::detail::tvec3<T>' being compiled
                 with
                 [
                     T=glm::mediump_int
                 ]
     1>d:\glsdk_0.5.0\glm\glm\core\type_vec3.hpp(78): warning C4201: nonstandard extension used : nameless struct/union
     1>d:\glsdk_0.5.0\glm\glm\core\type_vec3.hpp(79): warning C4201: nonstandard extension used : nameless struct/union
     1>d:\glsdk_0.5.0\glm\glm\core\type_vec3.hpp(77): warning C4201: nonstandard extension used : nameless struct/union
                 d:\glsdk_0.5.0\glm\glm\core\func_common.inl(957) : see reference to class template instantiation 'glm::detail::tvec3<T>' being compiled
                 with
                 [
                     T=glm::mediump_float
                 ]
     1>d:\glsdk_0.5.0\glm\glm\core\type_vec3.hpp(78): warning C4201: nonstandard extension used : nameless struct/union
     1>d:\glsdk_0.5.0\glm\glm\core\type_vec3.hpp(79): warning C4201: nonstandard extension used : nameless struct/union
     1>d:\glsdk_0.5.0\glm\glm\core\type_vec4.hpp(77): warning C4201: nonstandard extension used : nameless struct/union
                 d:\glsdk_0.5.0\glm\glm\core\func_common.inl(966) : see reference to class template instantiation 'glm::detail::tvec4<T>' being compiled
                 with
                 [
                     T=glm::mediump_int
                 ]
     1>d:\glsdk_0.5.0\glm\glm\core\type_vec4.hpp(78): warning C4201: nonstandard extension used : nameless struct/union
     1>d:\glsdk_0.5.0\glm\glm\core\type_vec4.hpp(79): warning C4201: nonstandard extension used : nameless struct/union
     1>d:\glsdk_0.5.0\glm\glm\core\type_vec4.hpp(77): warning C4201: nonstandard extension used : nameless struct/union
                 d:\glsdk_0.5.0\glm\glm\core\func_common.inl(968) : see reference to class template instantiation 'glm::detail::tvec4<T>' being compiled
                 with
                 [
                     T=glm::mediump_float
                 ]
     1>d:\glsdk_0.5.0\glm\glm\core\type_vec4.hpp(78): warning C4201: nonstandard extension used : nameless struct/union
     1>d:\glsdk_0.5.0\glm\glm\core\type_vec4.hpp(79): warning C4201: nonstandard extension used : nameless struct/union
     1>d:\glsdk_0.5.0\glm\glm\core\type_vec2.hpp(77): warning C4201: nonstandard extension used : nameless struct/union
                 d:\glsdk_0.5.0\glm\glm\core\func_common.inl(990) : see reference to class template instantiation 'glm::detail::tvec2<T>' being compiled
                 with
                 [
                     T=glm::mediump_uint
                 ]
     1>d:\glsdk_0.5.0\glm\glm\core\type_vec2.hpp(78): warning C4201: nonstandard extension used : nameless struct/union
     1>d:\glsdk_0.5.0\glm\glm\core\type_vec2.hpp(79): warning C4201: nonstandard extension used : nameless struct/union
     1>d:\glsdk_0.5.0\glm\glm\core\type_vec3.hpp(77): warning C4201: nonstandard extension used : nameless struct/union
                 d:\glsdk_0.5.0\glm\glm\core\func_common.inl(1000) : see reference to class template instantiation 'glm::detail::tvec3<T>' being compiled
                 with
                 [
                     T=glm::mediump_uint
                 ]
     1>d:\glsdk_0.5.0\glm\glm\core\type_vec3.hpp(78): warning C4201: nonstandard extension used : nameless struct/union
     1>d:\glsdk_0.5.0\glm\glm\core\type_vec3.hpp(79): warning C4201: nonstandard extension used : nameless struct/union
     1>d:\glsdk_0.5.0\glm\glm\core\type_vec4.hpp(77): warning C4201: nonstandard extension used : nameless struct/union
                 d:\glsdk_0.5.0\glm\glm\core\func_common.inl(1011) : see reference to class template instantiation 'glm::detail::tvec4<T>' being compiled
                 with
                 [
                     T=glm::mediump_uint
                 ]
     1>d:\glsdk_0.5.0\glm\glm\core\type_vec4.hpp(78): warning C4201: nonstandard extension used : nameless struct/union
     1>d:\glsdk_0.5.0\glm\glm\core\type_vec4.hpp(79): warning C4201: nonstandard extension used : nameless struct/union
     1>d:\glsdk_0.5.0\glm\glm\core\type_vec2.hpp(77): warning C4201: nonstandard extension used : nameless struct/union
                 d:\glsdk_0.5.0\glm\glm\gtc\half_float.inl(1016) : see reference to class template instantiation 'glm::detail::tvec2<T>' being compiled
                 with
                 [
                     T=glm::detail::half
                 ]
     1>d:\glsdk_0.5.0\glm\glm\core\type_vec2.hpp(78): warning C4201: nonstandard extension used : nameless struct/union
     1>d:\glsdk_0.5.0\glm\glm\core\type_vec2.hpp(79): warning C4201: nonstandard extension used : nameless struct/union
     1>d:\glsdk_0.5.0\glm\glm\core\type_vec3.hpp(77): warning C4201: nonstandard extension used : nameless struct/union
                 d:\glsdk_0.5.0\glm\glm\gtc\half_float.inl(1023) : see reference to class template instantiation 'glm::detail::tvec3<T>' being compiled
                 with
                 [
                     T=glm::detail::half
                 ]
     1>d:\glsdk_0.5.0\glm\glm\core\type_vec3.hpp(78): warning C4201: nonstandard extension used : nameless struct/union
     1>d:\glsdk_0.5.0\glm\glm\core\type_vec3.hpp(79): warning C4201: nonstandard extension used : nameless struct/union
     1>d:\glsdk_0.5.0\glm\glm\core\type_vec4.hpp(77): warning C4201: nonstandard extension used : nameless struct/union
                 d:\glsdk_0.5.0\glm\glm\gtc\half_float.inl(1031) : see reference to class template instantiation 'glm::detail::tvec4<T>' being compiled
                 with
                 [
                     T=glm::detail::half
                 ]
     1>d:\glsdk_0.5.0\glm\glm\core\type_vec4.hpp(78): warning C4201: nonstandard extension used : nameless struct/union
     1>d:\glsdk_0.5.0\glm\glm\core\type_vec4.hpp(79): warning C4201: nonstandard extension used : nameless struct/union
     1>d:\glsdk_0.5.0\glm\glm\core\type_vec4.hpp(77): warning C4201: nonstandard extension used : nameless struct/union
                 d:\glsdk_0.5.0\glmesh\include\glmesh\VertexWriter.h(152) : see reference to class template instantiation 'glm::detail::tvec4<T>' being compiled
                 with
                 [
                     T=glm::highp_float
                 ]
     1>d:\glsdk_0.5.0\glm\glm\core\type_vec4.hpp(78): warning C4201: nonstandard extension used : nameless struct/union
     1>d:\glsdk_0.5.0\glm\glm\core\type_vec4.hpp(79): warning C4201: nonstandard extension used : nameless struct/union
     1>d:\glsdk_0.5.0\glm\glm\core\type_vec4.hpp(77): warning C4201: nonstandard extension used : nameless struct/union
                 d:\glsdk_0.5.0\glmesh\include\glmesh\VertexWriter.h(162) : see reference to class template instantiation 'glm::detail::tvec4<T>' being compiled
                 with
                 [
                     T=GLbyte
                 ]
     1>d:\glsdk_0.5.0\glm\glm\core\type_vec4.hpp(78): warning C4201: nonstandard extension used : nameless struct/union
     1>d:\glsdk_0.5.0\glm\glm\core\type_vec4.hpp(79): warning C4201: nonstandard extension used : nameless struct/union
     1>d:\glsdk_0.5.0\glm\glm\core\type_vec4.hpp(77): warning C4201: nonstandard extension used : nameless struct/union
                 d:\glsdk_0.5.0\glmesh\include\glmesh\VertexWriter.h(172) : see reference to class template instantiation 'glm::detail::tvec4<T>' being compiled
                 with
                 [
                     T=GLubyte
                 ]
     1>d:\glsdk_0.5.0\glm\glm\core\type_vec4.hpp(78): warning C4201: nonstandard extension used : nameless struct/union
     1>d:\glsdk_0.5.0\glm\glm\core\type_vec4.hpp(79): warning C4201: nonstandard extension used : nameless struct/union
     1>d:\glsdk_0.5.0\glm\glm\core\type_vec4.hpp(77): warning C4201: nonstandard extension used : nameless struct/union
                 d:\glsdk_0.5.0\glmesh\include\glmesh\VertexWriter.h(182) : see reference to class template instantiation 'glm::detail::tvec4<T>' being compiled
                 with
                 [
                     T=glm::lowp_int
                 ]
     1>d:\glsdk_0.5.0\glm\glm\core\type_vec4.hpp(78): warning C4201: nonstandard extension used : nameless struct/union
     1>d:\glsdk_0.5.0\glm\glm\core\type_vec4.hpp(79): warning C4201: nonstandard extension used : nameless struct/union
     1>d:\glsdk_0.5.0\glm\glm\core\type_vec4.hpp(77): warning C4201: nonstandard extension used : nameless struct/union
                 d:\glsdk_0.5.0\glmesh\include\glmesh\VertexWriter.h(192) : see reference to class template instantiation 'glm::detail::tvec4<T>' being compiled
                 with
                 [
                     T=glm::lowp_uint
                 ]
     1>d:\glsdk_0.5.0\glm\glm\core\type_vec4.hpp(78): warning C4201: nonstandard extension used : nameless struct/union
     1>d:\glsdk_0.5.0\glm\glm\core\type_vec4.hpp(79): warning C4201: nonstandard extension used : nameless struct/union
     1>include\glmesh/CpuDataWriter.h(141): warning C4512: 'glmesh::CpuDataWriter' : assignment operator could not be generated
                 include\glmesh/CpuDataWriter.h(68) : see declaration of 'glmesh::CpuDataWriter'
     1>d:\glsdk_0.5.0\glm\glm\core\type_vec2.hpp(77): warning C4201: nonstandard extension used : nameless struct/union
                 source\GenMeshMisc.cpp(92) : see reference to class template instantiation 'glm::detail::tvec2<T>' being compiled
                 with
                 [
                     T=glm::lowp_uint
                 ]
     1>d:\glsdk_0.5.0\glm\glm\core\type_vec2.hpp(78): warning C4201: nonstandard extension used : nameless struct/union
     1>d:\glsdk_0.5.0\glm\glm\core\type_vec2.hpp(79): warning C4201: nonstandard extension used : nameless struct/union
     1>d:\glsdk_0.5.0\glm\glm\core\type_vec2.hpp(77): warning C4201: nonstandard extension used : nameless struct/union
                 source\GenMeshMisc.cpp(95) : see reference to class template instantiation 'glm::detail::tvec2<T>' being compiled
                 with
                 [
                     T=glm::lowp_int
                 ]
     1>d:\glsdk_0.5.0\glm\glm\core\type_vec2.hpp(78): warning C4201: nonstandard extension used : nameless struct/union
     1>d:\glsdk_0.5.0\glm\glm\core\type_vec2.hpp(79): warning C4201: nonstandard extension used : nameless struct/union
     1>d:\glsdk_0.5.0\glm\glm\core\type_vec3.hpp(77): warning C4201: nonstandard extension used : nameless struct/union
                 source\GenMeshMisc.cpp(219) : see reference to class template instantiation 'glm::detail::tvec3<T>' being compiled
                 with
                 [
                     T=glm::lowp_int
                 ]
     1>d:\glsdk_0.5.0\glm\glm\core\type_vec3.hpp(78): warning C4201: nonstandard extension used : nameless struct/union
     1>d:\glsdk_0.5.0\glm\glm\core\type_vec3.hpp(79): warning C4201: nonstandard extension used : nameless struct/union
     1>source\GenMeshMisc.cpp(279): warning C4244: '=' : conversion from 'int' to 'short', possible loss of data
     1>source\GenMeshMisc.cpp(335): warning C4244: 'initializing' : conversion from 'int' to 'GLshort', possible loss of data
     1>source\GenMeshMisc.cpp(409): warning C4244: 'initializing' : conversion from 'int' to 'GLshort', possible loss of data
     1>d:\glsdk_0.5.0\glm\glm\core\type_vec3.hpp(77): warning C4201: nonstandard extension used : nameless struct/union
                 d:\glsdk_0.5.0\glmesh\include\glmesh\VertexWriter.h(392) : see reference to class template instantiation 'glm::detail::tvec3<T>' being compiled
                 with
                 [
                     T=glm::lowp_uint
                 ]
                 source\GenMeshMisc.cpp(99) : see reference to function template instantiation 'void glmesh::VertexWriter<Sink>::Attrib<glm::lowp_uint>(const glm::detail::tvec2<T> &)' being compiled
                 with
                 [
                     Sink=glmesh::CpuDataWriter,
                     T=glm::lowp_uint
                 ]
     1>d:\glsdk_0.5.0\glm\glm\core\type_vec3.hpp(78): warning C4201: nonstandard extension used : nameless struct/union
     1>d:\glsdk_0.5.0\glm\glm\core\type_vec3.hpp(79): warning C4201: nonstandard extension used : nameless struct/union
         GenPlatonic.cpp
     1>d:\glsdk_0.5.0\glm\glm\core\type_vec2.hpp(77): warning C4201: nonstandard extension used : nameless struct/union
                 d:\glsdk_0.5.0\glm\glm\core\type_vec2.hpp(222) : see reference to class template instantiation 'glm::detail::tvec2<T>' being compiled
     1>d:\glsdk_0.5.0\glm\glm\core\type_vec2.hpp(78): warning C4201: nonstandard extension used : nameless struct/union
     1>d:\glsdk_0.5.0\glm\glm\core\type_vec2.hpp(79): warning C4201: nonstandard extension used : nameless struct/union
     1>d:\glsdk_0.5.0\glm\glm\core\type_vec3.hpp(77): warning C4201: nonstandard extension used : nameless struct/union
                 d:\glsdk_0.5.0\glm\glm\core\type_vec3.hpp(247) : see reference to class template instantiation 'glm::detail::tvec3<T>' being compiled
     1>d:\glsdk_0.5.0\glm\glm\core\type_vec3.hpp(78): warning C4201: nonstandard extension used : nameless struct/union
     1>d:\glsdk_0.5.0\glm\glm\core\type_vec3.hpp(79): warning C4201: nonstandard extension used : nameless struct/union
     1>d:\glsdk_0.5.0\glm\glm\core\type_vec4.hpp(77): warning C4201: nonstandard extension used : nameless struct/union
                 d:\glsdk_0.5.0\glm\glm\core\type_vec4.hpp(303) : see reference to class template instantiation 'glm::detail::tvec4<T>' being compiled
     1>d:\glsdk_0.5.0\glm\glm\core\type_vec4.hpp(78): warning C4201: nonstandard extension used : nameless struct/union
     1>d:\glsdk_0.5.0\glm\glm\core\type_vec4.hpp(79): warning C4201: nonstandard extension used : nameless struct/union
     1>d:\glsdk_0.5.0\glm\glm\core\type_vec2.hpp(77): warning C4201: nonstandard extension used : nameless struct/union
                 d:\glsdk_0.5.0\glm\glm\core\func_common.inl(945) : see reference to class template instantiation 'glm::detail::tvec2<T>' being compiled
                 with
                 [
                     T=glm::mediump_int
                 ]
     1>d:\glsdk_0.5.0\glm\glm\core\type_vec2.hpp(78): warning C4201: nonstandard extension used : nameless struct/union
     1>d:\glsdk_0.5.0\glm\glm\core\type_vec2.hpp(79): warning C4201: nonstandard extension used : nameless struct/union
     1>d:\glsdk_0.5.0\glm\glm\core\type_vec2.hpp(77): warning C4201: nonstandard extension used : nameless struct/union
                 d:\glsdk_0.5.0\glm\glm\core\func_common.inl(947) : see reference to class template instantiation 'glm::detail::tvec2<T>' being compiled
                 with
                 [
                     T=glm::mediump_float
                 ]
     1>d:\glsdk_0.5.0\glm\glm\core\type_vec2.hpp(78): warning C4201: nonstandard extension used : nameless struct/union
     1>d:\glsdk_0.5.0\glm\glm\core\type_vec2.hpp(79): warning C4201: nonstandard extension used : nameless struct/union
     1>d:\glsdk_0.5.0\glm\glm\core\type_vec3.hpp(77): warning C4201: nonstandard extension used : nameless struct/union
                 d:\glsdk_0.5.0\glm\glm\core\func_common.inl(955) : see reference to class template instantiation 'glm::detail::tvec3<T>' being compiled
                 with
                 [
                     T=glm::mediump_int
                 ]
     1>d:\glsdk_0.5.0\glm\glm\core\type_vec3.hpp(78): warning C4201: nonstandard extension used : nameless struct/union
     1>d:\glsdk_0.5.0\glm\glm\core\type_vec3.hpp(79): warning C4201: nonstandard extension used : nameless struct/union
     1>d:\glsdk_0.5.0\glm\glm\core\type_vec3.hpp(77): warning C4201: nonstandard extension used : nameless struct/union
                 d:\glsdk_0.5.0\glm\glm\core\func_common.inl(957) : see reference to class template instantiation 'glm::detail::tvec3<T>' being compiled
                 with
                 [
                     T=glm::mediump_float
                 ]
     1>d:\glsdk_0.5.0\glm\glm\core\type_vec3.hpp(78): warning C4201: nonstandard extension used : nameless struct/union
     1>d:\glsdk_0.5.0\glm\glm\core\type_vec3.hpp(79): warning C4201: nonstandard extension used : nameless struct/union
     1>d:\glsdk_0.5.0\glm\glm\core\type_vec4.hpp(77): warning C4201: nonstandard extension used : nameless struct/union
                 d:\glsdk_0.5.0\glm\glm\core\func_common.inl(966) : see reference to class template instantiation 'glm::detail::tvec4<T>' being compiled
                 with
                 [
                     T=glm::mediump_int
                 ]
     1>d:\glsdk_0.5.0\glm\glm\core\type_vec4.hpp(78): warning C4201: nonstandard extension used : nameless struct/union
     1>d:\glsdk_0.5.0\glm\glm\core\type_vec4.hpp(79): warning C4201: nonstandard extension used : nameless struct/union
     1>d:\glsdk_0.5.0\glm\glm\core\type_vec4.hpp(77): warning C4201: nonstandard extension used : nameless struct/union
                 d:\glsdk_0.5.0\glm\glm\core\func_common.inl(968) : see reference to class template instantiation 'glm::detail::tvec4<T>' being compiled
                 with
                 [
                     T=glm::mediump_float
                 ]
     1>d:\glsdk_0.5.0\glm\glm\core\type_vec4.hpp(78): warning C4201: nonstandard extension used : nameless struct/union
     1>d:\glsdk_0.5.0\glm\glm\core\type_vec4.hpp(79): warning C4201: nonstandard extension used : nameless struct/union
     1>d:\glsdk_0.5.0\glm\glm\core\type_vec2.hpp(77): warning C4201: nonstandard extension used : nameless struct/union
                 d:\glsdk_0.5.0\glm\glm\core\func_common.inl(990) : see reference to class template instantiation 'glm::detail::tvec2<T>' being compiled
                 with
                 [
                     T=glm::mediump_uint
                 ]
     1>d:\glsdk_0.5.0\glm\glm\core\type_vec2.hpp(78): warning C4201: nonstandard extension used : nameless struct/union
     1>d:\glsdk_0.5.0\glm\glm\core\type_vec2.hpp(79): warning C4201: nonstandard extension used : nameless struct/union
     1>d:\glsdk_0.5.0\glm\glm\core\type_vec3.hpp(77): warning C4201: nonstandard extension used : nameless struct/union
                 d:\glsdk_0.5.0\glm\glm\core\func_common.inl(1000) : see reference to class template instantiation 'glm::detail::tvec3<T>' being compiled
                 with
                 [
                     T=glm::mediump_uint
                 ]
     1>d:\glsdk_0.5.0\glm\glm\core\type_vec3.hpp(78): warning C4201: nonstandard extension used : nameless struct/union
     1>d:\glsdk_0.5.0\glm\glm\core\type_vec3.hpp(79): warning C4201: nonstandard extension used : nameless struct/union
     1>d:\glsdk_0.5.0\glm\glm\core\type_vec4.hpp(77): warning C4201: nonstandard extension used : nameless struct/union
                 d:\glsdk_0.5.0\glm\glm\core\func_common.inl(1011) : see reference to class template instantiation 'glm::detail::tvec4<T>' being compiled
                 with
                 [
                     T=glm::mediump_uint
                 ]
     1>d:\glsdk_0.5.0\glm\glm\core\type_vec4.hpp(78): warning C4201: nonstandard extension used : nameless struct/union
     1>d:\glsdk_0.5.0\glm\glm\core\type_vec4.hpp(79): warning C4201: nonstandard extension used : nameless struct/union
     1>d:\glsdk_0.5.0\glm\glm\core\type_vec2.hpp(77): warning C4201: nonstandard extension used : nameless struct/union
                 d:\glsdk_0.5.0\glm\glm\gtc\half_float.inl(1016) : see reference to class template instantiation 'glm::detail::tvec2<T>' being compiled
                 with
                 [
                     T=glm::detail::half
                 ]
     1>d:\glsdk_0.5.0\glm\glm\core\type_vec2.hpp(78): warning C4201: nonstandard extension used : nameless struct/union
     1>d:\glsdk_0.5.0\glm\glm\core\type_vec2.hpp(79): warning C4201: nonstandard extension used : nameless struct/union
     1>d:\glsdk_0.5.0\glm\glm\core\type_vec3.hpp(77): warning C4201: nonstandard extension used : nameless struct/union
                 d:\glsdk_0.5.0\glm\glm\gtc\half_float.inl(1023) : see reference to class template instantiation 'glm::detail::tvec3<T>' being compiled
                 with
                 [
                     T=glm::detail::half
                 ]
     1>d:\glsdk_0.5.0\glm\glm\core\type_vec3.hpp(78): warning C4201: nonstandard extension used : nameless struct/union
     1>d:\glsdk_0.5.0\glm\glm\core\type_vec3.hpp(79): warning C4201: nonstandard extension used : nameless struct/union
     1>d:\glsdk_0.5.0\glm\glm\core\type_vec4.hpp(77): warning C4201: nonstandard extension used : nameless struct/union
                 d:\glsdk_0.5.0\glm\glm\gtc\half_float.inl(1031) : see reference to class template instantiation 'glm::detail::tvec4<T>' being compiled
                 with
                 [
                     T=glm::detail::half
                 ]
     1>d:\glsdk_0.5.0\glm\glm\core\type_vec4.hpp(78): warning C4201: nonstandard extension used : nameless struct/union
     1>d:\glsdk_0.5.0\glm\glm\core\type_vec4.hpp(79): warning C4201: nonstandard extension used : nameless struct/union
     1>d:\glsdk_0.5.0\glm\glm\core\type_vec4.hpp(77): warning C4201: nonstandard extension used : nameless struct/union
                 d:\glsdk_0.5.0\glmesh\include\glmesh\VertexWriter.h(152) : see reference to class template instantiation 'glm::detail::tvec4<T>' being compiled
                 with
                 [
                     T=glm::highp_float
                 ]
     1>d:\glsdk_0.5.0\glm\glm\core\type_vec4.hpp(78): warning C4201: nonstandard extension used : nameless struct/union
     1>d:\glsdk_0.5.0\glm\glm\core\type_vec4.hpp(79): warning C4201: nonstandard extension used : nameless struct/union
     1>d:\glsdk_0.5.0\glm\glm\core\type_vec4.hpp(77): warning C4201: nonstandard extension used : nameless struct/union
                 d:\glsdk_0.5.0\glmesh\include\glmesh\VertexWriter.h(162) : see reference to class template instantiation 'glm::detail::tvec4<T>' being compiled
                 with
                 [
                     T=GLbyte
                 ]
     1>d:\glsdk_0.5.0\glm\glm\core\type_vec4.hpp(78): warning C4201: nonstandard extension used : nameless struct/union
     1>d:\glsdk_0.5.0\glm\glm\core\type_vec4.hpp(79): warning C4201: nonstandard extension used : nameless struct/union
     1>d:\glsdk_0.5.0\glm\glm\core\type_vec4.hpp(77): warning C4201: nonstandard extension used : nameless struct/union
                 d:\glsdk_0.5.0\glmesh\include\glmesh\VertexWriter.h(172) : see reference to class template instantiation 'glm::detail::tvec4<T>' being compiled
                 with
                 [
                     T=GLubyte
                 ]
     1>d:\glsdk_0.5.0\glm\glm\core\type_vec4.hpp(78): warning C4201: nonstandard extension used : nameless struct/union
     1>d:\glsdk_0.5.0\glm\glm\core\type_vec4.hpp(79): warning C4201: nonstandard extension used : nameless struct/union
     1>d:\glsdk_0.5.0\glm\glm\core\type_vec4.hpp(77): warning C4201: nonstandard extension used : nameless struct/union
                 d:\glsdk_0.5.0\glmesh\include\glmesh\VertexWriter.h(182) : see reference to class template instantiation 'glm::detail::tvec4<T>' being compiled
                 with
                 [
                     T=glm::lowp_int
                 ]
     1>d:\glsdk_0.5.0\glm\glm\core\type_vec4.hpp(78): warning C4201: nonstandard extension used : nameless struct/union
     1>d:\glsdk_0.5.0\glm\glm\core\type_vec4.hpp(79): warning C4201: nonstandard extension used : nameless struct/union
     1>d:\glsdk_0.5.0\glm\glm\core\type_vec4.hpp(77): warning C4201: nonstandard extension used : nameless struct/union
                 d:\glsdk_0.5.0\glmesh\include\glmesh\VertexWriter.h(192) : see reference to class template instantiation 'glm::detail::tvec4<T>' being compiled
                 with
                 [
                     T=glm::lowp_uint
                 ]
     1>d:\glsdk_0.5.0\glm\glm\core\type_vec4.hpp(78): warning C4201: nonstandard extension used : nameless struct/union
     1>d:\glsdk_0.5.0\glm\glm\core\type_vec4.hpp(79): warning C4201: nonstandard extension used : nameless struct/union
     1>include\glmesh/CpuDataWriter.h(141): warning C4512: 'glmesh::CpuDataWriter' : assignment operator could not be generated
                 include\glmesh/CpuDataWriter.h(68) : see declaration of 'glmesh::CpuDataWriter'
     1>d:\glsdk_0.5.0\glm\glm\core\type_vec3.hpp(77): warning C4201: nonstandard extension used : nameless struct/union
                 d:\glsdk_0.5.0\glmesh\include\glmesh\VertexWriter.h(398) : see reference to class template instantiation 'glm::detail::tvec3<T>' being compiled
                 with
                 [
                     T=glm::lowp_int
                 ]
                 source\GenPlatonic.cpp(50) : see reference to function template instantiation 'void glmesh::VertexWriter<Sink>::Attrib<GLshort>(BaseType,BaseType,BaseType)' being compiled
                 with
                 [
                     Sink=glmesh::CpuDataWriter,
                     BaseType=GLshort
                 ]
     1>d:\glsdk_0.5.0\glm\glm\core\type_vec3.hpp(78): warning C4201: nonstandard extension used : nameless struct/union
     1>d:\glsdk_0.5.0\glm\glm\core\type_vec3.hpp(79): warning C4201: nonstandard extension used : nameless struct/union
     1>d:\glsdk_0.5.0\glm\glm\core\type_vec2.hpp(77): warning C4201: nonstandard extension used : nameless struct/union
                 d:\glsdk_0.5.0\glmesh\include\glmesh\VertexWriter.h(398) : see reference to class template instantiation 'glm::detail::tvec2<T>' being compiled
                 with
                 [
                     T=glm::lowp_int
                 ]
     1>d:\glsdk_0.5.0\glm\glm\core\type_vec2.hpp(78): warning C4201: nonstandard extension used : nameless struct/union
     1>d:\glsdk_0.5.0\glm\glm\core\type_vec2.hpp(79): warning C4201: nonstandard extension used : nameless struct/union
     1>d:\glsdk_0.5.0\glm\glm\core\type_vec3.hpp(77): warning C4201: nonstandard extension used : nameless struct/union
                 d:\glsdk_0.5.0\glmesh\include\glmesh\VertexWriter.h(398) : see reference to class template instantiation 'glm::detail::tvec3<T>' being compiled
                 with
                 [
                     T=GLbyte
                 ]
                 source\GenPlatonic.cpp(51) : see reference to function template instantiation 'void glmesh::VertexWriter<Sink>::Attrib<GLbyte>(BaseType,BaseType,BaseType)' being compiled
                 with
                 [
                     Sink=glmesh::CpuDataWriter,
                     BaseType=GLbyte
                 ]
     1>d:\glsdk_0.5.0\glm\glm\core\type_vec3.hpp(78): warning C4201: nonstandard extension used : nameless struct/union
     1>d:\glsdk_0.5.0\glm\glm\core\type_vec3.hpp(79): warning C4201: nonstandard extension used : nameless struct/union
     1>d:\glsdk_0.5.0\glm\glm\core\type_vec2.hpp(77): warning C4201: nonstandard extension used : nameless struct/union
                 d:\glsdk_0.5.0\glmesh\include\glmesh\VertexWriter.h(398) : see reference to class template instantiation 'glm::detail::tvec2<T>' being compiled
                 with
                 [
                     T=GLbyte
                 ]
     1>d:\glsdk_0.5.0\glm\glm\core\type_vec2.hpp(78): warning C4201: nonstandard extension used : nameless struct/union
     1>d:\glsdk_0.5.0\glm\glm\core\type_vec2.hpp(79): warning C4201: nonstandard extension used : nameless struct/union
         GenQuadrics.cpp
     1>d:\glsdk_0.5.0\glm\glm\core\type_vec2.hpp(77): warning C4201: nonstandard extension used : nameless struct/union
                 d:\glsdk_0.5.0\glm\glm\core\type_vec2.hpp(222) : see reference to class template instantiation 'glm::detail::tvec2<T>' being compiled
     1>d:\glsdk_0.5.0\glm\glm\core\type_vec2.hpp(78): warning C4201: nonstandard extension used : nameless struct/union
     1>d:\glsdk_0.5.0\glm\glm\core\type_vec2.hpp(79): warning C4201: nonstandard extension used : nameless struct/union
     1>d:\glsdk_0.5.0\glm\glm\core\type_vec3.hpp(77): warning C4201: nonstandard extension used : nameless struct/union
                 d:\glsdk_0.5.0\glm\glm\core\type_vec3.hpp(247) : see reference to class template instantiation 'glm::detail::tvec3<T>' being compiled
     1>d:\glsdk_0.5.0\glm\glm\core\type_vec3.hpp(78): warning C4201: nonstandard extension used : nameless struct/union
     1>d:\glsdk_0.5.0\glm\glm\core\type_vec3.hpp(79): warning C4201: nonstandard extension used : nameless struct/union
     1>d:\glsdk_0.5.0\glm\glm\core\type_vec4.hpp(77): warning C4201: nonstandard extension used : nameless struct/union
                 d:\glsdk_0.5.0\glm\glm\core\type_vec4.hpp(303) : see reference to class template instantiation 'glm::detail::tvec4<T>' being compiled
     1>d:\glsdk_0.5.0\glm\glm\core\type_vec4.hpp(78): warning C4201: nonstandard extension used : nameless struct/union
     1>d:\glsdk_0.5.0\glm\glm\core\type_vec4.hpp(79): warning C4201: nonstandard extension used : nameless struct/union
     1>d:\glsdk_0.5.0\glm\glm\core\type_vec2.hpp(77): warning C4201: nonstandard extension used : nameless struct/union
                 d:\glsdk_0.5.0\glm\glm\core\func_common.inl(945) : see reference to class template instantiation 'glm::detail::tvec2<T>' being compiled
                 with
                 [
                     T=glm::mediump_int
                 ]
     1>d:\glsdk_0.5.0\glm\glm\core\type_vec2.hpp(78): warning C4201: nonstandard extension used : nameless struct/union
     1>d:\glsdk_0.5.0\glm\glm\core\type_vec2.hpp(79): warning C4201: nonstandard extension used : nameless struct/union
     1>d:\glsdk_0.5.0\glm\glm\core\type_vec2.hpp(77): warning C4201: nonstandard extension used : nameless struct/union
                 d:\glsdk_0.5.0\glm\glm\core\func_common.inl(947) : see reference to class template instantiation 'glm::detail::tvec2<T>' being compiled
                 with
                 [
                     T=glm::mediump_float
                 ]
     1>d:\glsdk_0.5.0\glm\glm\core\type_vec2.hpp(78): warning C4201: nonstandard extension used : nameless struct/union
     1>d:\glsdk_0.5.0\glm\glm\core\type_vec2.hpp(79): warning C4201: nonstandard extension used : nameless struct/union
     1>d:\glsdk_0.5.0\glm\glm\core\type_vec3.hpp(77): warning C4201: nonstandard extension used : nameless struct/union
                 d:\glsdk_0.5.0\glm\glm\core\func_common.inl(955) : see reference to class template instantiation 'glm::detail::tvec3<T>' being compiled
                 with
                 [
                     T=glm::mediump_int
                 ]
     1>d:\glsdk_0.5.0\glm\glm\core\type_vec3.hpp(78): warning C4201: nonstandard extension used : nameless struct/union
     1>d:\glsdk_0.5.0\glm\glm\core\type_vec3.hpp(79): warning C4201: nonstandard extension used : nameless struct/union
     1>d:\glsdk_0.5.0\glm\glm\core\type_vec3.hpp(77): warning C4201: nonstandard extension used : nameless struct/union
                 d:\glsdk_0.5.0\glm\glm\core\func_common.inl(957) : see reference to class template instantiation 'glm::detail::tvec3<T>' being compiled
                 with
                 [
                     T=glm::mediump_float
                 ]
     1>d:\glsdk_0.5.0\glm\glm\core\type_vec3.hpp(78): warning C4201: nonstandard extension used : nameless struct/union
     1>d:\glsdk_0.5.0\glm\glm\core\type_vec3.hpp(79): warning C4201: nonstandard extension used : nameless struct/union
     1>d:\glsdk_0.5.0\glm\glm\core\type_vec4.hpp(77): warning C4201: nonstandard extension used : nameless struct/union
                 d:\glsdk_0.5.0\glm\glm\core\func_common.inl(966) : see reference to class template instantiation 'glm::detail::tvec4<T>' being compiled
                 with
                 [
                     T=glm::mediump_int
                 ]
     1>d:\glsdk_0.5.0\glm\glm\core\type_vec4.hpp(78): warning C4201: nonstandard extension used : nameless struct/union
     1>d:\glsdk_0.5.0\glm\glm\core\type_vec4.hpp(79): warning C4201: nonstandard extension used : nameless struct/union
     1>d:\glsdk_0.5.0\glm\glm\core\type_vec4.hpp(77): warning C4201: nonstandard extension used : nameless struct/union
                 d:\glsdk_0.5.0\glm\glm\core\func_common.inl(968) : see reference to class template instantiation 'glm::detail::tvec4<T>' being compiled
                 with
                 [
                     T=glm::mediump_float
                 ]
     1>d:\glsdk_0.5.0\glm\glm\core\type_vec4.hpp(78): warning C4201: nonstandard extension used : nameless struct/union
     1>d:\glsdk_0.5.0\glm\glm\core\type_vec4.hpp(79): warning C4201: nonstandard extension used : nameless struct/union
     1>d:\glsdk_0.5.0\glm\glm\core\type_vec2.hpp(77): warning C4201: nonstandard extension used : nameless struct/union
                 d:\glsdk_0.5.0\glm\glm\core\func_common.inl(990) : see reference to class template instantiation 'glm::detail::tvec2<T>' being compiled
                 with
                 [
                     T=glm::mediump_uint
                 ]
     1>d:\glsdk_0.5.0\glm\glm\core\type_vec2.hpp(78): warning C4201: nonstandard extension used : nameless struct/union
     1>d:\glsdk_0.5.0\glm\glm\core\type_vec2.hpp(79): warning C4201: nonstandard extension used : nameless struct/union
     1>d:\glsdk_0.5.0\glm\glm\core\type_vec3.hpp(77): warning C4201: nonstandard extension used : nameless struct/union
                 d:\glsdk_0.5.0\glm\glm\core\func_common.inl(1000) : see reference to class template instantiation 'glm::detail::tvec3<T>' being compiled
                 with
                 [
                     T=glm::mediump_uint
                 ]
     1>d:\glsdk_0.5.0\glm\glm\core\type_vec3.hpp(78): warning C4201: nonstandard extension used : nameless struct/union
     1>d:\glsdk_0.5.0\glm\glm\core\type_vec3.hpp(79): warning C4201: nonstandard extension used : nameless struct/union
     1>d:\glsdk_0.5.0\glm\glm\core\type_vec4.hpp(77): warning C4201: nonstandard extension used : nameless struct/union
                 d:\glsdk_0.5.0\glm\glm\core\func_common.inl(1011) : see reference to class template instantiation 'glm::detail::tvec4<T>' being compiled
                 with
                 [
                     T=glm::mediump_uint
                 ]
     1>d:\glsdk_0.5.0\glm\glm\core\type_vec4.hpp(78): warning C4201: nonstandard extension used : nameless struct/union
     1>d:\glsdk_0.5.0\glm\glm\core\type_vec4.hpp(79): warning C4201: nonstandard extension used : nameless struct/union
     1>d:\glsdk_0.5.0\glm\glm\core\type_vec2.hpp(77): warning C4201: nonstandard extension used : nameless struct/union
                 d:\glsdk_0.5.0\glm\glm\gtc\half_float.inl(1016) : see reference to class template instantiation 'glm::detail::tvec2<T>' being compiled
                 with
                 [
                     T=glm::detail::half
                 ]
     1>d:\glsdk_0.5.0\glm\glm\core\type_vec2.hpp(78): warning C4201: nonstandard extension used : nameless struct/union
     1>d:\glsdk_0.5.0\glm\glm\core\type_vec2.hpp(79): warning C4201: nonstandard extension used : nameless struct/union
     1>d:\glsdk_0.5.0\glm\glm\core\type_vec3.hpp(77): warning C4201: nonstandard extension used : nameless struct/union
                 d:\glsdk_0.5.0\glm\glm\gtc\half_float.inl(1023) : see reference to class template instantiation 'glm::detail::tvec3<T>' being compiled
                 with
                 [
                     T=glm::detail::half
                 ]
     1>d:\glsdk_0.5.0\glm\glm\core\type_vec3.hpp(78): warning C4201: nonstandard extension used : nameless struct/union
     1>d:\glsdk_0.5.0\glm\glm\core\type_vec3.hpp(79): warning C4201: nonstandard extension used : nameless struct/union
     1>d:\glsdk_0.5.0\glm\glm\core\type_vec4.hpp(77): warning C4201: nonstandard extension used : nameless struct/union
                 d:\glsdk_0.5.0\glm\glm\gtc\half_float.inl(1031) : see reference to class template instantiation 'glm::detail::tvec4<T>' being compiled
                 with
                 [
                     T=glm::detail::half
                 ]
     1>d:\glsdk_0.5.0\glm\glm\core\type_vec4.hpp(78): warning C4201: nonstandard extension used : nameless struct/union
     1>d:\glsdk_0.5.0\glm\glm\core\type_vec4.hpp(79): warning C4201: nonstandard extension used : nameless struct/union
     1>d:\glsdk_0.5.0\glm\glm\core\type_vec4.hpp(77): warning C4201: nonstandard extension used : nameless struct/union
                 d:\glsdk_0.5.0\glmesh\include\glmesh\VertexWriter.h(152) : see reference to class template instantiation 'glm::detail::tvec4<T>' being compiled
                 with
                 [
                     T=glm::highp_float
                 ]
     1>d:\glsdk_0.5.0\glm\glm\core\type_vec4.hpp(78): warning C4201: nonstandard extension used : nameless struct/union
     1>d:\glsdk_0.5.0\glm\glm\core\type_vec4.hpp(79): warning C4201: nonstandard extension used : nameless struct/union
     1>d:\glsdk_0.5.0\glm\glm\core\type_vec4.hpp(77): warning C4201: nonstandard extension used : nameless struct/union
                 d:\glsdk_0.5.0\glmesh\include\glmesh\VertexWriter.h(162) : see reference to class template instantiation 'glm::detail::tvec4<T>' being compiled
                 with
                 [
                     T=GLbyte
                 ]
     1>d:\glsdk_0.5.0\glm\glm\core\type_vec4.hpp(78): warning C4201: nonstandard extension used : nameless struct/union
     1>d:\glsdk_0.5.0\glm\glm\core\type_vec4.hpp(79): warning C4201: nonstandard extension used : nameless struct/union
     1>d:\glsdk_0.5.0\glm\glm\core\type_vec4.hpp(77): warning C4201: nonstandard extension used : nameless struct/union
                 d:\glsdk_0.5.0\glmesh\include\glmesh\VertexWriter.h(172) : see reference to class template instantiation 'glm::detail::tvec4<T>' being compiled
                 with
                 [
                     T=GLubyte
                 ]
     1>d:\glsdk_0.5.0\glm\glm\core\type_vec4.hpp(78): warning C4201: nonstandard extension used : nameless struct/union
     1>d:\glsdk_0.5.0\glm\glm\core\type_vec4.hpp(79): warning C4201: nonstandard extension used : nameless struct/union
     1>d:\glsdk_0.5.0\glm\glm\core\type_vec4.hpp(77): warning C4201: nonstandard extension used : nameless struct/union
                 d:\glsdk_0.5.0\glmesh\include\glmesh\VertexWriter.h(182) : see reference to class template instantiation 'glm::detail::tvec4<T>' being compiled
                 with
                 [
                     T=glm::lowp_int
                 ]
     1>d:\glsdk_0.5.0\glm\glm\core\type_vec4.hpp(78): warning C4201: nonstandard extension used : nameless struct/union
     1>d:\glsdk_0.5.0\glm\glm\core\type_vec4.hpp(79): warning C4201: nonstandard extension used : nameless struct/union
     1>d:\glsdk_0.5.0\glm\glm\core\type_vec4.hpp(77): warning C4201: nonstandard extension used : nameless struct/union
                 d:\glsdk_0.5.0\glmesh\include\glmesh\VertexWriter.h(192) : see reference to class template instantiation 'glm::detail::tvec4<T>' being compiled
                 with
                 [
                     T=glm::lowp_uint
                 ]
     1>d:\glsdk_0.5.0\glm\glm\core\type_vec4.hpp(78): warning C4201: nonstandard extension used : nameless struct/union
     1>d:\glsdk_0.5.0\glm\glm\core\type_vec4.hpp(79): warning C4201: nonstandard extension used : nameless struct/union
     1>include\glmesh/CpuDataWriter.h(141): warning C4512: 'glmesh::CpuDataWriter' : assignment operator could not be generated
                 include\glmesh/CpuDataWriter.h(68) : see declaration of 'glmesh::CpuDataWriter'
         Mesh.cpp
         StreamBuffer.cpp
         VertexFormat.cpp
         VertexWriter.cpp
     1>d:\glsdk_0.5.0\glm\glm\core\type_vec2.hpp(77): warning C4201: nonstandard extension used : nameless struct/union
                 d:\glsdk_0.5.0\glm\glm\core\type_vec2.hpp(222) : see reference to class template instantiation 'glm::detail::tvec2<T>' being compiled
     1>d:\glsdk_0.5.0\glm\glm\core\type_vec2.hpp(78): warning C4201: nonstandard extension used : nameless struct/union
     1>d:\glsdk_0.5.0\glm\glm\core\type_vec2.hpp(79): warning C4201: nonstandard extension used : nameless struct/union
     1>d:\glsdk_0.5.0\glm\glm\core\type_vec3.hpp(77): warning C4201: nonstandard extension used : nameless struct/union
                 d:\glsdk_0.5.0\glm\glm\core\type_vec3.hpp(247) : see reference to class template instantiation 'glm::detail::tvec3<T>' being compiled
     1>d:\glsdk_0.5.0\glm\glm\core\type_vec3.hpp(78): warning C4201: nonstandard extension used : nameless struct/union
     1>d:\glsdk_0.5.0\glm\glm\core\type_vec3.hpp(79): warning C4201: nonstandard extension used : nameless struct/union
     1>d:\glsdk_0.5.0\glm\glm\core\type_vec4.hpp(77): warning C4201: nonstandard extension used : nameless struct/union
                 d:\glsdk_0.5.0\glm\glm\core\type_vec4.hpp(303) : see reference to class template instantiation 'glm::detail::tvec4<T>' being compiled
     1>d:\glsdk_0.5.0\glm\glm\core\type_vec4.hpp(78): warning C4201: nonstandard extension used : nameless struct/union
     1>d:\glsdk_0.5.0\glm\glm\core\type_vec4.hpp(79): warning C4201: nonstandard extension used : nameless struct/union
     1>d:\glsdk_0.5.0\glm\glm\core\type_vec2.hpp(77): warning C4201: nonstandard extension used : nameless struct/union
                 d:\glsdk_0.5.0\glm\glm\core\func_common.inl(945) : see reference to class template instantiation 'glm::detail::tvec2<T>' being compiled
                 with
                 [
                     T=glm::mediump_int
                 ]
     1>d:\glsdk_0.5.0\glm\glm\core\type_vec2.hpp(78): warning C4201: nonstandard extension used : nameless struct/union
     1>d:\glsdk_0.5.0\glm\glm\core\type_vec2.hpp(79): warning C4201: nonstandard extension used : nameless struct/union
     1>d:\glsdk_0.5.0\glm\glm\core\type_vec2.hpp(77): warning C4201: nonstandard extension used : nameless struct/union
                 d:\glsdk_0.5.0\glm\glm\core\func_common.inl(947) : see reference to class template instantiation 'glm::detail::tvec2<T>' being compiled
                 with
                 [
                     T=glm::mediump_float
                 ]
     1>d:\glsdk_0.5.0\glm\glm\core\type_vec2.hpp(78): warning C4201: nonstandard extension used : nameless struct/union
     1>d:\glsdk_0.5.0\glm\glm\core\type_vec2.hpp(79): warning C4201: nonstandard extension used : nameless struct/union
     1>d:\glsdk_0.5.0\glm\glm\core\type_vec3.hpp(77): warning C4201: nonstandard extension used : nameless struct/union
                 d:\glsdk_0.5.0\glm\glm\core\func_common.inl(955) : see reference to class template instantiation 'glm::detail::tvec3<T>' being compiled
                 with
                 [
                     T=glm::mediump_int
                 ]
     1>d:\glsdk_0.5.0\glm\glm\core\type_vec3.hpp(78): warning C4201: nonstandard extension used : nameless struct/union
     1>d:\glsdk_0.5.0\glm\glm\core\type_vec3.hpp(79): warning C4201: nonstandard extension used : nameless struct/union
     1>d:\glsdk_0.5.0\glm\glm\core\type_vec3.hpp(77): warning C4201: nonstandard extension used : nameless struct/union
                 d:\glsdk_0.5.0\glm\glm\core\func_common.inl(957) : see reference to class template instantiation 'glm::detail::tvec3<T>' being compiled
                 with
                 [
                     T=glm::mediump_float
                 ]
     1>d:\glsdk_0.5.0\glm\glm\core\type_vec3.hpp(78): warning C4201: nonstandard extension used : nameless struct/union
     1>d:\glsdk_0.5.0\glm\glm\core\type_vec3.hpp(79): warning C4201: nonstandard extension used : nameless struct/union
     1>d:\glsdk_0.5.0\glm\glm\core\type_vec4.hpp(77): warning C4201: nonstandard extension used : nameless struct/union
                 d:\glsdk_0.5.0\glm\glm\core\func_common.inl(966) : see reference to class template instantiation 'glm::detail::tvec4<T>' being compiled
                 with
                 [
                     T=glm::mediump_int
                 ]
     1>d:\glsdk_0.5.0\glm\glm\core\type_vec4.hpp(78): warning C4201: nonstandard extension used : nameless struct/union
     1>d:\glsdk_0.5.0\glm\glm\core\type_vec4.hpp(79): warning C4201: nonstandard extension used : nameless struct/union
     1>d:\glsdk_0.5.0\glm\glm\core\type_vec4.hpp(77): warning C4201: nonstandard extension used : nameless struct/union
                 d:\glsdk_0.5.0\glm\glm\core\func_common.inl(968) : see reference to class template instantiation 'glm::detail::tvec4<T>' being compiled
                 with
                 [
                     T=glm::mediump_float
                 ]
     1>d:\glsdk_0.5.0\glm\glm\core\type_vec4.hpp(78): warning C4201: nonstandard extension used : nameless struct/union
     1>d:\glsdk_0.5.0\glm\glm\core\type_vec4.hpp(79): warning C4201: nonstandard extension used : nameless struct/union
     1>d:\glsdk_0.5.0\glm\glm\core\type_vec2.hpp(77): warning C4201: nonstandard extension used : nameless struct/union
                 d:\glsdk_0.5.0\glm\glm\core\func_common.inl(990) : see reference to class template instantiation 'glm::detail::tvec2<T>' being compiled
                 with
                 [
                     T=glm::mediump_uint
                 ]
     1>d:\glsdk_0.5.0\glm\glm\core\type_vec2.hpp(78): warning C4201: nonstandard extension used : nameless struct/union
     1>d:\glsdk_0.5.0\glm\glm\core\type_vec2.hpp(79): warning C4201: nonstandard extension used : nameless struct/union
     1>d:\glsdk_0.5.0\glm\glm\core\type_vec3.hpp(77): warning C4201: nonstandard extension used : nameless struct/union
                 d:\glsdk_0.5.0\glm\glm\core\func_common.inl(1000) : see reference to class template instantiation 'glm::detail::tvec3<T>' being compiled
                 with
                 [
                     T=glm::mediump_uint
                 ]
     1>d:\glsdk_0.5.0\glm\glm\core\type_vec3.hpp(78): warning C4201: nonstandard extension used : nameless struct/union
     1>d:\glsdk_0.5.0\glm\glm\core\type_vec3.hpp(79): warning C4201: nonstandard extension used : nameless struct/union
     1>d:\glsdk_0.5.0\glm\glm\core\type_vec4.hpp(77): warning C4201: nonstandard extension used : nameless struct/union
                 d:\glsdk_0.5.0\glm\glm\core\func_common.inl(1011) : see reference to class template instantiation 'glm::detail::tvec4<T>' being compiled
                 with
                 [
                     T=glm::mediump_uint
                 ]
     1>d:\glsdk_0.5.0\glm\glm\core\type_vec4.hpp(78): warning C4201: nonstandard extension used : nameless struct/union
     1>d:\glsdk_0.5.0\glm\glm\core\type_vec4.hpp(79): warning C4201: nonstandard extension used : nameless struct/union
     1>d:\glsdk_0.5.0\glm\glm\core\type_vec2.hpp(77): warning C4201: nonstandard extension used : nameless struct/union
                 d:\glsdk_0.5.0\glm\glm\gtc\half_float.inl(1016) : see reference to class template instantiation 'glm::detail::tvec2<T>' being compiled
                 with
                 [
                     T=glm::detail::half
                 ]
     1>d:\glsdk_0.5.0\glm\glm\core\type_vec2.hpp(78): warning C4201: nonstandard extension used : nameless struct/union
     1>d:\glsdk_0.5.0\glm\glm\core\type_vec2.hpp(79): warning C4201: nonstandard extension used : nameless struct/union
     1>d:\glsdk_0.5.0\glm\glm\core\type_vec3.hpp(77): warning C4201: nonstandard extension used : nameless struct/union
                 d:\glsdk_0.5.0\glm\glm\gtc\half_float.inl(1023) : see reference to class template instantiation 'glm::detail::tvec3<T>' being compiled
                 with
                 [
                     T=glm::detail::half
                 ]
     1>d:\glsdk_0.5.0\glm\glm\core\type_vec3.hpp(78): warning C4201: nonstandard extension used : nameless struct/union
     1>d:\glsdk_0.5.0\glm\glm\core\type_vec3.hpp(79): warning C4201: nonstandard extension used : nameless struct/union
     1>d:\glsdk_0.5.0\glm\glm\core\type_vec4.hpp(77): warning C4201: nonstandard extension used : nameless struct/union
                 d:\glsdk_0.5.0\glm\glm\gtc\half_float.inl(1031) : see reference to class template instantiation 'glm::detail::tvec4<T>' being compiled
                 with
                 [
                     T=glm::detail::half
                 ]
     1>d:\glsdk_0.5.0\glm\glm\core\type_vec4.hpp(78): warning C4201: nonstandard extension used : nameless struct/union
     1>d:\glsdk_0.5.0\glm\glm\core\type_vec4.hpp(79): warning C4201: nonstandard extension used : nameless struct/union
     1>d:\glsdk_0.5.0\glm\glm\core\type_vec4.hpp(77): warning C4201: nonstandard extension used : nameless struct/union
                 include\glmesh/VertexWriter.h(152) : see reference to class template instantiation 'glm::detail::tvec4<T>' being compiled
                 with
                 [
                     T=glm::highp_float
                 ]
     1>d:\glsdk_0.5.0\glm\glm\core\type_vec4.hpp(78): warning C4201: nonstandard extension used : nameless struct/union
     1>d:\glsdk_0.5.0\glm\glm\core\type_vec4.hpp(79): warning C4201: nonstandard extension used : nameless struct/union
     1>d:\glsdk_0.5.0\glm\glm\core\type_vec4.hpp(77): warning C4201: nonstandard extension used : nameless struct/union
                 include\glmesh/VertexWriter.h(162) : see reference to class template instantiation 'glm::detail::tvec4<T>' being compiled
                 with
                 [
                     T=GLbyte
                 ]
     1>d:\glsdk_0.5.0\glm\glm\core\type_vec4.hpp(78): warning C4201: nonstandard extension used : nameless struct/union
     1>d:\glsdk_0.5.0\glm\glm\core\type_vec4.hpp(79): warning C4201: nonstandard extension used : nameless struct/union
     1>d:\glsdk_0.5.0\glm\glm\core\type_vec4.hpp(77): warning C4201: nonstandard extension used : nameless struct/union
                 include\glmesh/VertexWriter.h(172) : see reference to class template instantiation 'glm::detail::tvec4<T>' being compiled
                 with
                 [
                     T=GLubyte
                 ]
     1>d:\glsdk_0.5.0\glm\glm\core\type_vec4.hpp(78): warning C4201: nonstandard extension used : nameless struct/union
     1>d:\glsdk_0.5.0\glm\glm\core\type_vec4.hpp(79): warning C4201: nonstandard extension used : nameless struct/union
     1>d:\glsdk_0.5.0\glm\glm\core\type_vec4.hpp(77): warning C4201: nonstandard extension used : nameless struct/union
                 include\glmesh/VertexWriter.h(182) : see reference to class template instantiation 'glm::detail::tvec4<T>' being compiled
                 with
                 [
                     T=glm::lowp_int
                 ]
     1>d:\glsdk_0.5.0\glm\glm\core\type_vec4.hpp(78): warning C4201: nonstandard extension used : nameless struct/union
     1>d:\glsdk_0.5.0\glm\glm\core\type_vec4.hpp(79): warning C4201: nonstandard extension used : nameless struct/union
     1>d:\glsdk_0.5.0\glm\glm\core\type_vec4.hpp(77): warning C4201: nonstandard extension used : nameless struct/union
                 include\glmesh/VertexWriter.h(192) : see reference to class template instantiation 'glm::detail::tvec4<T>' being compiled
                 with
                 [
                     T=glm::lowp_uint
                 ]
     1>d:\glsdk_0.5.0\glm\glm\core\type_vec4.hpp(78): warning C4201: nonstandard extension used : nameless struct/union
     1>d:\glsdk_0.5.0\glm\glm\core\type_vec4.hpp(79): warning C4201: nonstandard extension used : nameless struct/union
       Lib:
         C:\Program Files (x86)\Microsoft Visual Studio 10.0\VC\bin\Lib.exe /OUT:"lib\glmesh.lib" /NOLOGO /LTCG Release\CpuDataWriter.obj
         Release\Draw.obj
         Release\GenHelper.obj
         Release\GenMeshMisc.obj
         Release\GenPlatonic.obj
         Release\GenQuadrics.obj
         Release\Mesh.obj
         Release\StreamBuffer.obj
         Release\VertexFormat.obj
         Release\VertexWriter.obj
         glmesh.vcxproj -> D:\glsdk_0.5.0\glmesh\lib\glmesh.lib
       FinalizeBuildStatus:
         Deleting file "Release\glmesh.unsuccessfulbuild".
         Touching "Release\glmesh.lastbuildstate".
     1>Done Building Project "D:\glsdk_0.5.0\glmesh\glmesh.vcxproj" (build target(s)).

Build succeeded.

Time Elapsed 00:00:07.27
