Build started 18/07/2013 19:52:40.
     1>Project "D:\glsdk_0.5.0\glutil\glutil.vcxproj" on node 2 (build target(s)).
     1>InitializeBuildStatus:
         Creating "Release\glutil.unsuccessfulbuild" because "AlwaysCreate" was specified.
       ClCompile:
         C:\Program Files (x86)\Microsoft Visual Studio 10.0\VC\bin\CL.exe /c /Iinclude /Isource /I..\glload\include /I..\glm /I..\boost /nologo /W4 /WX- /O2 /Oy /GL /D _CRT_SECURE_NO_WARNINGS /D _SCL_SECURE_NO_WARNINGS /D BOOST_ALL_NO_LIB /D WIN32 /D NDEBUG /D RELEASE /D _UNICODE /D UNICODE /GF /Gm- /EHsc /MD /GS /Gy /fp:precise /Zc:wchar_t /Zc:forScope /Fo"Release\\" /Fd"Release\vc100.pdb" /Gd /TP /analyze- /errorReport:prompt source\Debug.cpp source\Font.cpp source\ftData.cpp source\MatrixStack.cpp source\MousePoles.cpp source\Shader.cpp source\WindowPos.cpp
         Debug.cpp
         Font.cpp
     1>d:\glsdk_0.5.0\glm\glm\core\type_vec2.hpp(77): warning C4201: nonstandard extension used : nameless struct/union
                 d:\glsdk_0.5.0\glm\glm\core\type_vec2.hpp(222) : see reference to class template instantiation 'glm::detail::tvec2<T>' being compiled
     1>d:\glsdk_0.5.0\glm\glm\core\type_vec2.hpp(78): warning C4201: nonstandard extension used : nameless struct/union
     1>d:\glsdk_0.5.0\glm\glm\core\type_vec2.hpp(79): warning C4201: nonstandard extension used : nameless struct/union
     1>d:\glsdk_0.5.0\glm\glm\core\type_vec3.hpp(77): warning C4201: nonstandard extension used : nameless struct/union
                 d:\glsdk_0.5.0\glm\glm\core\type_vec3.hpp(247) : see reference to class template instantiation 'glm::detail::tvec3<T>' being compiled
     1>d:\glsdk_0.5.0\glm\glm\core\type_vec3.hpp(78): warning C4201: nonstandard extension used : nameless struct/union
     1>d:\glsdk_0.5.0\glm\glm\core\type_vec3.hpp(79): warning C4201: nonstandard extension used : nameless struct/union
     1>d:\glsdk_0.5.0\glm\glm\core\type_vec4.hpp(77): warning C4201: nonstandard extension used : nameless struct/union
                 d:\glsdk_0.5.0\glm\glm\core\type_vec4.hpp(303) : see reference to class template instantiation 'glm::detail::tvec4<T>' being compiled
     1>d:\glsdk_0.5.0\glm\glm\core\type_vec4.hpp(78): warning C4201: nonstandard extension used : nameless struct/union
     1>d:\glsdk_0.5.0\glm\glm\core\type_vec4.hpp(79): warning C4201: nonstandard extension used : nameless struct/union
     1>d:\glsdk_0.5.0\glm\glm\core\type_vec2.hpp(77): warning C4201: nonstandard extension used : nameless struct/union
                 d:\glsdk_0.5.0\glm\glm\core\func_common.inl(945) : see reference to class template instantiation 'glm::detail::tvec2<T>' being compiled
                 with
                 [
                     T=glm::mediump_int
                 ]
     1>d:\glsdk_0.5.0\glm\glm\core\type_vec2.hpp(78): warning C4201: nonstandard extension used : nameless struct/union
     1>d:\glsdk_0.5.0\glm\glm\core\type_vec2.hpp(79): warning C4201: nonstandard extension used : nameless struct/union
     1>d:\glsdk_0.5.0\glm\glm\core\type_vec2.hpp(77): warning C4201: nonstandard extension used : nameless struct/union
                 d:\glsdk_0.5.0\glm\glm\core\func_common.inl(947) : see reference to class template instantiation 'glm::detail::tvec2<T>' being compiled
                 with
                 [
                     T=glm::mediump_float
                 ]
     1>d:\glsdk_0.5.0\glm\glm\core\type_vec2.hpp(78): warning C4201: nonstandard extension used : nameless struct/union
     1>d:\glsdk_0.5.0\glm\glm\core\type_vec2.hpp(79): warning C4201: nonstandard extension used : nameless struct/union
     1>d:\glsdk_0.5.0\glm\glm\core\type_vec3.hpp(77): warning C4201: nonstandard extension used : nameless struct/union
                 d:\glsdk_0.5.0\glm\glm\core\func_common.inl(955) : see reference to class template instantiation 'glm::detail::tvec3<T>' being compiled
                 with
                 [
                     T=glm::mediump_int
                 ]
     1>d:\glsdk_0.5.0\glm\glm\core\type_vec3.hpp(78): warning C4201: nonstandard extension used : nameless struct/union
     1>d:\glsdk_0.5.0\glm\glm\core\type_vec3.hpp(79): warning C4201: nonstandard extension used : nameless struct/union
     1>d:\glsdk_0.5.0\glm\glm\core\type_vec3.hpp(77): warning C4201: nonstandard extension used : nameless struct/union
                 d:\glsdk_0.5.0\glm\glm\core\func_common.inl(957) : see reference to class template instantiation 'glm::detail::tvec3<T>' being compiled
                 with
                 [
                     T=glm::mediump_float
                 ]
     1>d:\glsdk_0.5.0\glm\glm\core\type_vec3.hpp(78): warning C4201: nonstandard extension used : nameless struct/union
     1>d:\glsdk_0.5.0\glm\glm\core\type_vec3.hpp(79): warning C4201: nonstandard extension used : nameless struct/union
     1>d:\glsdk_0.5.0\glm\glm\core\type_vec4.hpp(77): warning C4201: nonstandard extension used : nameless struct/union
                 d:\glsdk_0.5.0\glm\glm\core\func_common.inl(966) : see reference to class template instantiation 'glm::detail::tvec4<T>' being compiled
                 with
                 [
                     T=glm::mediump_int
                 ]
     1>d:\glsdk_0.5.0\glm\glm\core\type_vec4.hpp(78): warning C4201: nonstandard extension used : nameless struct/union
     1>d:\glsdk_0.5.0\glm\glm\core\type_vec4.hpp(79): warning C4201: nonstandard extension used : nameless struct/union
     1>d:\glsdk_0.5.0\glm\glm\core\type_vec4.hpp(77): warning C4201: nonstandard extension used : nameless struct/union
                 d:\glsdk_0.5.0\glm\glm\core\func_common.inl(968) : see reference to class template instantiation 'glm::detail::tvec4<T>' being compiled
                 with
                 [
                     T=glm::mediump_float
                 ]
     1>d:\glsdk_0.5.0\glm\glm\core\type_vec4.hpp(78): warning C4201: nonstandard extension used : nameless struct/union
     1>d:\glsdk_0.5.0\glm\glm\core\type_vec4.hpp(79): warning C4201: nonstandard extension used : nameless struct/union
     1>d:\glsdk_0.5.0\glm\glm\core\type_vec2.hpp(77): warning C4201: nonstandard extension used : nameless struct/union
                 d:\glsdk_0.5.0\glm\glm\core\func_common.inl(990) : see reference to class template instantiation 'glm::detail::tvec2<T>' being compiled
                 with
                 [
                     T=glm::mediump_uint
                 ]
     1>d:\glsdk_0.5.0\glm\glm\core\type_vec2.hpp(78): warning C4201: nonstandard extension used : nameless struct/union
     1>d:\glsdk_0.5.0\glm\glm\core\type_vec2.hpp(79): warning C4201: nonstandard extension used : nameless struct/union
     1>d:\glsdk_0.5.0\glm\glm\core\type_vec3.hpp(77): warning C4201: nonstandard extension used : nameless struct/union
                 d:\glsdk_0.5.0\glm\glm\core\func_common.inl(1000) : see reference to class template instantiation 'glm::detail::tvec3<T>' being compiled
                 with
                 [
                     T=glm::mediump_uint
                 ]
     1>d:\glsdk_0.5.0\glm\glm\core\type_vec3.hpp(78): warning C4201: nonstandard extension used : nameless struct/union
     1>d:\glsdk_0.5.0\glm\glm\core\type_vec3.hpp(79): warning C4201: nonstandard extension used : nameless struct/union
     1>d:\glsdk_0.5.0\glm\glm\core\type_vec4.hpp(77): warning C4201: nonstandard extension used : nameless struct/union
                 d:\glsdk_0.5.0\glm\glm\core\func_common.inl(1011) : see reference to class template instantiation 'glm::detail::tvec4<T>' being compiled
                 with
                 [
                     T=glm::mediump_uint
                 ]
     1>d:\glsdk_0.5.0\glm\glm\core\type_vec4.hpp(78): warning C4201: nonstandard extension used : nameless struct/union
     1>d:\glsdk_0.5.0\glm\glm\core\type_vec4.hpp(79): warning C4201: nonstandard extension used : nameless struct/union
         ftData.cpp
         MatrixStack.cpp
     1>d:\glsdk_0.5.0\glm\glm\core\type_vec2.hpp(77): warning C4201: nonstandard extension used : nameless struct/union
                 d:\glsdk_0.5.0\glm\glm\core\type_vec2.hpp(222) : see reference to class template instantiation 'glm::detail::tvec2<T>' being compiled
     1>d:\glsdk_0.5.0\glm\glm\core\type_vec2.hpp(78): warning C4201: nonstandard extension used : nameless struct/union
     1>d:\glsdk_0.5.0\glm\glm\core\type_vec2.hpp(79): warning C4201: nonstandard extension used : nameless struct/union
     1>d:\glsdk_0.5.0\glm\glm\core\type_vec3.hpp(77): warning C4201: nonstandard extension used : nameless struct/union
                 d:\glsdk_0.5.0\glm\glm\core\type_vec3.hpp(247) : see reference to class template instantiation 'glm::detail::tvec3<T>' being compiled
     1>d:\glsdk_0.5.0\glm\glm\core\type_vec3.hpp(78): warning C4201: nonstandard extension used : nameless struct/union
     1>d:\glsdk_0.5.0\glm\glm\core\type_vec3.hpp(79): warning C4201: nonstandard extension used : nameless struct/union
     1>d:\glsdk_0.5.0\glm\glm\core\type_vec4.hpp(77): warning C4201: nonstandard extension used : nameless struct/union
                 d:\glsdk_0.5.0\glm\glm\core\type_vec4.hpp(303) : see reference to class template instantiation 'glm::detail::tvec4<T>' being compiled
     1>d:\glsdk_0.5.0\glm\glm\core\type_vec4.hpp(78): warning C4201: nonstandard extension used : nameless struct/union
     1>d:\glsdk_0.5.0\glm\glm\core\type_vec4.hpp(79): warning C4201: nonstandard extension used : nameless struct/union
     1>d:\glsdk_0.5.0\glm\glm\core\type_vec2.hpp(77): warning C4201: nonstandard extension used : nameless struct/union
                 d:\glsdk_0.5.0\glm\glm\core\func_common.inl(945) : see reference to class template instantiation 'glm::detail::tvec2<T>' being compiled
                 with
                 [
                     T=glm::mediump_int
                 ]
     1>d:\glsdk_0.5.0\glm\glm\core\type_vec2.hpp(78): warning C4201: nonstandard extension used : nameless struct/union
     1>d:\glsdk_0.5.0\glm\glm\core\type_vec2.hpp(79): warning C4201: nonstandard extension used : nameless struct/union
     1>d:\glsdk_0.5.0\glm\glm\core\type_vec2.hpp(77): warning C4201: nonstandard extension used : nameless struct/union
                 d:\glsdk_0.5.0\glm\glm\core\func_common.inl(947) : see reference to class template instantiation 'glm::detail::tvec2<T>' being compiled
                 with
                 [
                     T=glm::mediump_float
                 ]
     1>d:\glsdk_0.5.0\glm\glm\core\type_vec2.hpp(78): warning C4201: nonstandard extension used : nameless struct/union
     1>d:\glsdk_0.5.0\glm\glm\core\type_vec2.hpp(79): warning C4201: nonstandard extension used : nameless struct/union
     1>d:\glsdk_0.5.0\glm\glm\core\type_vec3.hpp(77): warning C4201: nonstandard extension used : nameless struct/union
                 d:\glsdk_0.5.0\glm\glm\core\func_common.inl(955) : see reference to class template instantiation 'glm::detail::tvec3<T>' being compiled
                 with
                 [
                     T=glm::mediump_int
                 ]
     1>d:\glsdk_0.5.0\glm\glm\core\type_vec3.hpp(78): warning C4201: nonstandard extension used : nameless struct/union
     1>d:\glsdk_0.5.0\glm\glm\core\type_vec3.hpp(79): warning C4201: nonstandard extension used : nameless struct/union
     1>d:\glsdk_0.5.0\glm\glm\core\type_vec3.hpp(77): warning C4201: nonstandard extension used : nameless struct/union
                 d:\glsdk_0.5.0\glm\glm\core\func_common.inl(957) : see reference to class template instantiation 'glm::detail::tvec3<T>' being compiled
                 with
                 [
                     T=glm::mediump_float
                 ]
     1>d:\glsdk_0.5.0\glm\glm\core\type_vec3.hpp(78): warning C4201: nonstandard extension used : nameless struct/union
     1>d:\glsdk_0.5.0\glm\glm\core\type_vec3.hpp(79): warning C4201: nonstandard extension used : nameless struct/union
     1>d:\glsdk_0.5.0\glm\glm\core\type_vec4.hpp(77): warning C4201: nonstandard extension used : nameless struct/union
                 d:\glsdk_0.5.0\glm\glm\core\func_common.inl(966) : see reference to class template instantiation 'glm::detail::tvec4<T>' being compiled
                 with
                 [
                     T=glm::mediump_int
                 ]
     1>d:\glsdk_0.5.0\glm\glm\core\type_vec4.hpp(78): warning C4201: nonstandard extension used : nameless struct/union
     1>d:\glsdk_0.5.0\glm\glm\core\type_vec4.hpp(79): warning C4201: nonstandard extension used : nameless struct/union
     1>d:\glsdk_0.5.0\glm\glm\core\type_vec4.hpp(77): warning C4201: nonstandard extension used : nameless struct/union
                 d:\glsdk_0.5.0\glm\glm\core\func_common.inl(968) : see reference to class template instantiation 'glm::detail::tvec4<T>' being compiled
                 with
                 [
                     T=glm::mediump_float
                 ]
     1>d:\glsdk_0.5.0\glm\glm\core\type_vec4.hpp(78): warning C4201: nonstandard extension used : nameless struct/union
     1>d:\glsdk_0.5.0\glm\glm\core\type_vec4.hpp(79): warning C4201: nonstandard extension used : nameless struct/union
     1>d:\glsdk_0.5.0\glm\glm\core\type_vec2.hpp(77): warning C4201: nonstandard extension used : nameless struct/union
                 d:\glsdk_0.5.0\glm\glm\core\func_common.inl(990) : see reference to class template instantiation 'glm::detail::tvec2<T>' being compiled
                 with
                 [
                     T=glm::mediump_uint
                 ]
     1>d:\glsdk_0.5.0\glm\glm\core\type_vec2.hpp(78): warning C4201: nonstandard extension used : nameless struct/union
     1>d:\glsdk_0.5.0\glm\glm\core\type_vec2.hpp(79): warning C4201: nonstandard extension used : nameless struct/union
     1>d:\glsdk_0.5.0\glm\glm\core\type_vec3.hpp(77): warning C4201: nonstandard extension used : nameless struct/union
                 d:\glsdk_0.5.0\glm\glm\core\func_common.inl(1000) : see reference to class template instantiation 'glm::detail::tvec3<T>' being compiled
                 with
                 [
                     T=glm::mediump_uint
                 ]
     1>d:\glsdk_0.5.0\glm\glm\core\type_vec3.hpp(78): warning C4201: nonstandard extension used : nameless struct/union
     1>d:\glsdk_0.5.0\glm\glm\core\type_vec3.hpp(79): warning C4201: nonstandard extension used : nameless struct/union
     1>d:\glsdk_0.5.0\glm\glm\core\type_vec4.hpp(77): warning C4201: nonstandard extension used : nameless struct/union
                 d:\glsdk_0.5.0\glm\glm\core\func_common.inl(1011) : see reference to class template instantiation 'glm::detail::tvec4<T>' being compiled
                 with
                 [
                     T=glm::mediump_uint
                 ]
     1>d:\glsdk_0.5.0\glm\glm\core\type_vec4.hpp(78): warning C4201: nonstandard extension used : nameless struct/union
     1>d:\glsdk_0.5.0\glm\glm\core\type_vec4.hpp(79): warning C4201: nonstandard extension used : nameless struct/union
     1>d:\glsdk_0.5.0\glm\glm\core\type_vec2.hpp(77): warning C4201: nonstandard extension used : nameless struct/union
                 d:\glsdk_0.5.0\glm\glm\gtc\half_float.inl(1016) : see reference to class template instantiation 'glm::detail::tvec2<T>' being compiled
                 with
                 [
                     T=glm::detail::half
                 ]
     1>d:\glsdk_0.5.0\glm\glm\core\type_vec2.hpp(78): warning C4201: nonstandard extension used : nameless struct/union
     1>d:\glsdk_0.5.0\glm\glm\core\type_vec2.hpp(79): warning C4201: nonstandard extension used : nameless struct/union
     1>d:\glsdk_0.5.0\glm\glm\core\type_vec3.hpp(77): warning C4201: nonstandard extension used : nameless struct/union
                 d:\glsdk_0.5.0\glm\glm\gtc\half_float.inl(1023) : see reference to class template instantiation 'glm::detail::tvec3<T>' being compiled
                 with
                 [
                     T=glm::detail::half
                 ]
     1>d:\glsdk_0.5.0\glm\glm\core\type_vec3.hpp(78): warning C4201: nonstandard extension used : nameless struct/union
     1>d:\glsdk_0.5.0\glm\glm\core\type_vec3.hpp(79): warning C4201: nonstandard extension used : nameless struct/union
     1>d:\glsdk_0.5.0\glm\glm\core\type_vec4.hpp(77): warning C4201: nonstandard extension used : nameless struct/union
                 d:\glsdk_0.5.0\glm\glm\gtc\half_float.inl(1031) : see reference to class template instantiation 'glm::detail::tvec4<T>' being compiled
                 with
                 [
                     T=glm::detail::half
                 ]
     1>d:\glsdk_0.5.0\glm\glm\core\type_vec4.hpp(78): warning C4201: nonstandard extension used : nameless struct/union
     1>d:\glsdk_0.5.0\glm\glm\core\type_vec4.hpp(79): warning C4201: nonstandard extension used : nameless struct/union
         MousePoles.cpp
     1>d:\glsdk_0.5.0\glm\glm\core\type_vec2.hpp(77): warning C4201: nonstandard extension used : nameless struct/union
                 d:\glsdk_0.5.0\glm\glm\core\type_vec2.hpp(222) : see reference to class template instantiation 'glm::detail::tvec2<T>' being compiled
     1>d:\glsdk_0.5.0\glm\glm\core\type_vec2.hpp(78): warning C4201: nonstandard extension used : nameless struct/union
     1>d:\glsdk_0.5.0\glm\glm\core\type_vec2.hpp(79): warning C4201: nonstandard extension used : nameless struct/union
     1>d:\glsdk_0.5.0\glm\glm\core\type_vec3.hpp(77): warning C4201: nonstandard extension used : nameless struct/union
                 d:\glsdk_0.5.0\glm\glm\core\type_vec3.hpp(247) : see reference to class template instantiation 'glm::detail::tvec3<T>' being compiled
     1>d:\glsdk_0.5.0\glm\glm\core\type_vec3.hpp(78): warning C4201: nonstandard extension used : nameless struct/union
     1>d:\glsdk_0.5.0\glm\glm\core\type_vec3.hpp(79): warning C4201: nonstandard extension used : nameless struct/union
     1>d:\glsdk_0.5.0\glm\glm\core\type_vec4.hpp(77): warning C4201: nonstandard extension used : nameless struct/union
                 d:\glsdk_0.5.0\glm\glm\core\type_vec4.hpp(303) : see reference to class template instantiation 'glm::detail::tvec4<T>' being compiled
     1>d:\glsdk_0.5.0\glm\glm\core\type_vec4.hpp(78): warning C4201: nonstandard extension used : nameless struct/union
     1>d:\glsdk_0.5.0\glm\glm\core\type_vec4.hpp(79): warning C4201: nonstandard extension used : nameless struct/union
     1>d:\glsdk_0.5.0\glm\glm\core\type_vec2.hpp(77): warning C4201: nonstandard extension used : nameless struct/union
                 d:\glsdk_0.5.0\glm\glm\core\func_common.inl(945) : see reference to class template instantiation 'glm::detail::tvec2<T>' being compiled
                 with
                 [
                     T=glm::mediump_int
                 ]
     1>d:\glsdk_0.5.0\glm\glm\core\type_vec2.hpp(78): warning C4201: nonstandard extension used : nameless struct/union
     1>d:\glsdk_0.5.0\glm\glm\core\type_vec2.hpp(79): warning C4201: nonstandard extension used : nameless struct/union
     1>d:\glsdk_0.5.0\glm\glm\core\type_vec2.hpp(77): warning C4201: nonstandard extension used : nameless struct/union
                 d:\glsdk_0.5.0\glm\glm\core\func_common.inl(947) : see reference to class template instantiation 'glm::detail::tvec2<T>' being compiled
                 with
                 [
                     T=glm::mediump_float
                 ]
     1>d:\glsdk_0.5.0\glm\glm\core\type_vec2.hpp(78): warning C4201: nonstandard extension used : nameless struct/union
     1>d:\glsdk_0.5.0\glm\glm\core\type_vec2.hpp(79): warning C4201: nonstandard extension used : nameless struct/union
     1>d:\glsdk_0.5.0\glm\glm\core\type_vec3.hpp(77): warning C4201: nonstandard extension used : nameless struct/union
                 d:\glsdk_0.5.0\glm\glm\core\func_common.inl(955) : see reference to class template instantiation 'glm::detail::tvec3<T>' being compiled
                 with
                 [
                     T=glm::mediump_int
                 ]
     1>d:\glsdk_0.5.0\glm\glm\core\type_vec3.hpp(78): warning C4201: nonstandard extension used : nameless struct/union
     1>d:\glsdk_0.5.0\glm\glm\core\type_vec3.hpp(79): warning C4201: nonstandard extension used : nameless struct/union
     1>d:\glsdk_0.5.0\glm\glm\core\type_vec3.hpp(77): warning C4201: nonstandard extension used : nameless struct/union
                 d:\glsdk_0.5.0\glm\glm\core\func_common.inl(957) : see reference to class template instantiation 'glm::detail::tvec3<T>' being compiled
                 with
                 [
                     T=glm::mediump_float
                 ]
     1>d:\glsdk_0.5.0\glm\glm\core\type_vec3.hpp(78): warning C4201: nonstandard extension used : nameless struct/union
     1>d:\glsdk_0.5.0\glm\glm\core\type_vec3.hpp(79): warning C4201: nonstandard extension used : nameless struct/union
     1>d:\glsdk_0.5.0\glm\glm\core\type_vec4.hpp(77): warning C4201: nonstandard extension used : nameless struct/union
                 d:\glsdk_0.5.0\glm\glm\core\func_common.inl(966) : see reference to class template instantiation 'glm::detail::tvec4<T>' being compiled
                 with
                 [
                     T=glm::mediump_int
                 ]
     1>d:\glsdk_0.5.0\glm\glm\core\type_vec4.hpp(78): warning C4201: nonstandard extension used : nameless struct/union
     1>d:\glsdk_0.5.0\glm\glm\core\type_vec4.hpp(79): warning C4201: nonstandard extension used : nameless struct/union
     1>d:\glsdk_0.5.0\glm\glm\core\type_vec4.hpp(77): warning C4201: nonstandard extension used : nameless struct/union
                 d:\glsdk_0.5.0\glm\glm\core\func_common.inl(968) : see reference to class template instantiation 'glm::detail::tvec4<T>' being compiled
                 with
                 [
                     T=glm::mediump_float
                 ]
     1>d:\glsdk_0.5.0\glm\glm\core\type_vec4.hpp(78): warning C4201: nonstandard extension used : nameless struct/union
     1>d:\glsdk_0.5.0\glm\glm\core\type_vec4.hpp(79): warning C4201: nonstandard extension used : nameless struct/union
     1>d:\glsdk_0.5.0\glm\glm\core\type_vec2.hpp(77): warning C4201: nonstandard extension used : nameless struct/union
                 d:\glsdk_0.5.0\glm\glm\core\func_common.inl(990) : see reference to class template instantiation 'glm::detail::tvec2<T>' being compiled
                 with
                 [
                     T=glm::mediump_uint
                 ]
     1>d:\glsdk_0.5.0\glm\glm\core\type_vec2.hpp(78): warning C4201: nonstandard extension used : nameless struct/union
     1>d:\glsdk_0.5.0\glm\glm\core\type_vec2.hpp(79): warning C4201: nonstandard extension used : nameless struct/union
     1>d:\glsdk_0.5.0\glm\glm\core\type_vec3.hpp(77): warning C4201: nonstandard extension used : nameless struct/union
                 d:\glsdk_0.5.0\glm\glm\core\func_common.inl(1000) : see reference to class template instantiation 'glm::detail::tvec3<T>' being compiled
                 with
                 [
                     T=glm::mediump_uint
                 ]
     1>d:\glsdk_0.5.0\glm\glm\core\type_vec3.hpp(78): warning C4201: nonstandard extension used : nameless struct/union
     1>d:\glsdk_0.5.0\glm\glm\core\type_vec3.hpp(79): warning C4201: nonstandard extension used : nameless struct/union
     1>d:\glsdk_0.5.0\glm\glm\core\type_vec4.hpp(77): warning C4201: nonstandard extension used : nameless struct/union
                 d:\glsdk_0.5.0\glm\glm\core\func_common.inl(1011) : see reference to class template instantiation 'glm::detail::tvec4<T>' being compiled
                 with
                 [
                     T=glm::mediump_uint
                 ]
     1>d:\glsdk_0.5.0\glm\glm\core\type_vec4.hpp(78): warning C4201: nonstandard extension used : nameless struct/union
     1>d:\glsdk_0.5.0\glm\glm\core\type_vec4.hpp(79): warning C4201: nonstandard extension used : nameless struct/union
     1>d:\glsdk_0.5.0\glm\glm\core\type_vec2.hpp(77): warning C4201: nonstandard extension used : nameless struct/union
                 d:\glsdk_0.5.0\glm\glm\gtc\half_float.inl(1016) : see reference to class template instantiation 'glm::detail::tvec2<T>' being compiled
                 with
                 [
                     T=glm::detail::half
                 ]
     1>d:\glsdk_0.5.0\glm\glm\core\type_vec2.hpp(78): warning C4201: nonstandard extension used : nameless struct/union
     1>d:\glsdk_0.5.0\glm\glm\core\type_vec2.hpp(79): warning C4201: nonstandard extension used : nameless struct/union
     1>d:\glsdk_0.5.0\glm\glm\core\type_vec3.hpp(77): warning C4201: nonstandard extension used : nameless struct/union
                 d:\glsdk_0.5.0\glm\glm\gtc\half_float.inl(1023) : see reference to class template instantiation 'glm::detail::tvec3<T>' being compiled
                 with
                 [
                     T=glm::detail::half
                 ]
     1>d:\glsdk_0.5.0\glm\glm\core\type_vec3.hpp(78): warning C4201: nonstandard extension used : nameless struct/union
     1>d:\glsdk_0.5.0\glm\glm\core\type_vec3.hpp(79): warning C4201: nonstandard extension used : nameless struct/union
     1>d:\glsdk_0.5.0\glm\glm\core\type_vec4.hpp(77): warning C4201: nonstandard extension used : nameless struct/union
                 d:\glsdk_0.5.0\glm\glm\gtc\half_float.inl(1031) : see reference to class template instantiation 'glm::detail::tvec4<T>' being compiled
                 with
                 [
                     T=glm::detail::half
                 ]
     1>d:\glsdk_0.5.0\glm\glm\core\type_vec4.hpp(78): warning C4201: nonstandard extension used : nameless struct/union
     1>d:\glsdk_0.5.0\glm\glm\core\type_vec4.hpp(79): warning C4201: nonstandard extension used : nameless struct/union
     1>source\MousePoles.cpp(187): warning C4100: 'position' : unreferenced formal parameter
     1>source\MousePoles.cpp(187): warning C4100: 'modifiers' : unreferenced formal parameter
     1>source\MousePoles.cpp(187): warning C4100: 'direction' : unreferenced formal parameter
     1>source\MousePoles.cpp(192): warning C4100: 'key' : unreferenced formal parameter
     1>source\MousePoles.cpp(241): warning C4100: 'bClearY' : unreferenced formal parameter
     1>source\MousePoles.cpp(249): warning C4100: 'bClearXZ' : unreferenced formal parameter
     1>source\MousePoles.cpp(268): warning C4100: 'iYDiff' : unreferenced formal parameter
     1>source\MousePoles.cpp(393): warning C4100: 'position' : unreferenced formal parameter
         Shader.cpp
         WindowPos.cpp
     1>d:\glsdk_0.5.0\glm\glm\core\type_vec2.hpp(77): warning C4201: nonstandard extension used : nameless struct/union
                 d:\glsdk_0.5.0\glm\glm\core\type_vec2.hpp(222) : see reference to class template instantiation 'glm::detail::tvec2<T>' being compiled
     1>d:\glsdk_0.5.0\glm\glm\core\type_vec2.hpp(78): warning C4201: nonstandard extension used : nameless struct/union
     1>d:\glsdk_0.5.0\glm\glm\core\type_vec2.hpp(79): warning C4201: nonstandard extension used : nameless struct/union
     1>d:\glsdk_0.5.0\glm\glm\core\type_vec3.hpp(77): warning C4201: nonstandard extension used : nameless struct/union
                 d:\glsdk_0.5.0\glm\glm\core\type_vec3.hpp(247) : see reference to class template instantiation 'glm::detail::tvec3<T>' being compiled
     1>d:\glsdk_0.5.0\glm\glm\core\type_vec3.hpp(78): warning C4201: nonstandard extension used : nameless struct/union
     1>d:\glsdk_0.5.0\glm\glm\core\type_vec3.hpp(79): warning C4201: nonstandard extension used : nameless struct/union
     1>d:\glsdk_0.5.0\glm\glm\core\type_vec4.hpp(77): warning C4201: nonstandard extension used : nameless struct/union
                 d:\glsdk_0.5.0\glm\glm\core\type_vec4.hpp(303) : see reference to class template instantiation 'glm::detail::tvec4<T>' being compiled
     1>d:\glsdk_0.5.0\glm\glm\core\type_vec4.hpp(78): warning C4201: nonstandard extension used : nameless struct/union
     1>d:\glsdk_0.5.0\glm\glm\core\type_vec4.hpp(79): warning C4201: nonstandard extension used : nameless struct/union
     1>d:\glsdk_0.5.0\glm\glm\core\type_vec2.hpp(77): warning C4201: nonstandard extension used : nameless struct/union
                 d:\glsdk_0.5.0\glm\glm\core\func_common.inl(945) : see reference to class template instantiation 'glm::detail::tvec2<T>' being compiled
                 with
                 [
                     T=glm::mediump_int
                 ]
     1>d:\glsdk_0.5.0\glm\glm\core\type_vec2.hpp(78): warning C4201: nonstandard extension used : nameless struct/union
     1>d:\glsdk_0.5.0\glm\glm\core\type_vec2.hpp(79): warning C4201: nonstandard extension used : nameless struct/union
     1>d:\glsdk_0.5.0\glm\glm\core\type_vec2.hpp(77): warning C4201: nonstandard extension used : nameless struct/union
                 d:\glsdk_0.5.0\glm\glm\core\func_common.inl(947) : see reference to class template instantiation 'glm::detail::tvec2<T>' being compiled
                 with
                 [
                     T=glm::mediump_float
                 ]
     1>d:\glsdk_0.5.0\glm\glm\core\type_vec2.hpp(78): warning C4201: nonstandard extension used : nameless struct/union
     1>d:\glsdk_0.5.0\glm\glm\core\type_vec2.hpp(79): warning C4201: nonstandard extension used : nameless struct/union
     1>d:\glsdk_0.5.0\glm\glm\core\type_vec3.hpp(77): warning C4201: nonstandard extension used : nameless struct/union
                 d:\glsdk_0.5.0\glm\glm\core\func_common.inl(955) : see reference to class template instantiation 'glm::detail::tvec3<T>' being compiled
                 with
                 [
                     T=glm::mediump_int
                 ]
     1>d:\glsdk_0.5.0\glm\glm\core\type_vec3.hpp(78): warning C4201: nonstandard extension used : nameless struct/union
     1>d:\glsdk_0.5.0\glm\glm\core\type_vec3.hpp(79): warning C4201: nonstandard extension used : nameless struct/union
     1>d:\glsdk_0.5.0\glm\glm\core\type_vec3.hpp(77): warning C4201: nonstandard extension used : nameless struct/union
                 d:\glsdk_0.5.0\glm\glm\core\func_common.inl(957) : see reference to class template instantiation 'glm::detail::tvec3<T>' being compiled
                 with
                 [
                     T=glm::mediump_float
                 ]
     1>d:\glsdk_0.5.0\glm\glm\core\type_vec3.hpp(78): warning C4201: nonstandard extension used : nameless struct/union
     1>d:\glsdk_0.5.0\glm\glm\core\type_vec3.hpp(79): warning C4201: nonstandard extension used : nameless struct/union
     1>d:\glsdk_0.5.0\glm\glm\core\type_vec4.hpp(77): warning C4201: nonstandard extension used : nameless struct/union
                 d:\glsdk_0.5.0\glm\glm\core\func_common.inl(966) : see reference to class template instantiation 'glm::detail::tvec4<T>' being compiled
                 with
                 [
                     T=glm::mediump_int
                 ]
     1>d:\glsdk_0.5.0\glm\glm\core\type_vec4.hpp(78): warning C4201: nonstandard extension used : nameless struct/union
     1>d:\glsdk_0.5.0\glm\glm\core\type_vec4.hpp(79): warning C4201: nonstandard extension used : nameless struct/union
     1>d:\glsdk_0.5.0\glm\glm\core\type_vec4.hpp(77): warning C4201: nonstandard extension used : nameless struct/union
                 d:\glsdk_0.5.0\glm\glm\core\func_common.inl(968) : see reference to class template instantiation 'glm::detail::tvec4<T>' being compiled
                 with
                 [
                     T=glm::mediump_float
                 ]
     1>d:\glsdk_0.5.0\glm\glm\core\type_vec4.hpp(78): warning C4201: nonstandard extension used : nameless struct/union
     1>d:\glsdk_0.5.0\glm\glm\core\type_vec4.hpp(79): warning C4201: nonstandard extension used : nameless struct/union
     1>d:\glsdk_0.5.0\glm\glm\core\type_vec2.hpp(77): warning C4201: nonstandard extension used : nameless struct/union
                 d:\glsdk_0.5.0\glm\glm\core\func_common.inl(990) : see reference to class template instantiation 'glm::detail::tvec2<T>' being compiled
                 with
                 [
                     T=glm::mediump_uint
                 ]
     1>d:\glsdk_0.5.0\glm\glm\core\type_vec2.hpp(78): warning C4201: nonstandard extension used : nameless struct/union
     1>d:\glsdk_0.5.0\glm\glm\core\type_vec2.hpp(79): warning C4201: nonstandard extension used : nameless struct/union
     1>d:\glsdk_0.5.0\glm\glm\core\type_vec3.hpp(77): warning C4201: nonstandard extension used : nameless struct/union
                 d:\glsdk_0.5.0\glm\glm\core\func_common.inl(1000) : see reference to class template instantiation 'glm::detail::tvec3<T>' being compiled
                 with
                 [
                     T=glm::mediump_uint
                 ]
     1>d:\glsdk_0.5.0\glm\glm\core\type_vec3.hpp(78): warning C4201: nonstandard extension used : nameless struct/union
     1>d:\glsdk_0.5.0\glm\glm\core\type_vec3.hpp(79): warning C4201: nonstandard extension used : nameless struct/union
     1>d:\glsdk_0.5.0\glm\glm\core\type_vec4.hpp(77): warning C4201: nonstandard extension used : nameless struct/union
                 d:\glsdk_0.5.0\glm\glm\core\func_common.inl(1011) : see reference to class template instantiation 'glm::detail::tvec4<T>' being compiled
                 with
                 [
                     T=glm::mediump_uint
                 ]
     1>d:\glsdk_0.5.0\glm\glm\core\type_vec4.hpp(78): warning C4201: nonstandard extension used : nameless struct/union
     1>d:\glsdk_0.5.0\glm\glm\core\type_vec4.hpp(79): warning C4201: nonstandard extension used : nameless struct/union
       Lib:
         C:\Program Files (x86)\Microsoft Visual Studio 10.0\VC\bin\Lib.exe /OUT:"lib\glutil.lib" /NOLOGO /LTCG Release\Debug.obj
         Release\Font.obj
         Release\ftData.obj
         Release\MatrixStack.obj
         Release\MousePoles.obj
         Release\Shader.obj
         Release\WindowPos.obj
         glutil.vcxproj -> D:\glsdk_0.5.0\glutil\lib\glutil.lib
       FinalizeBuildStatus:
         Deleting file "Release\glutil.unsuccessfulbuild".
         Touching "Release\glutil.lastbuildstate".
     1>Done Building Project "D:\glsdk_0.5.0\glutil\glutil.vcxproj" (build target(s)).

Build succeeded.

Time Elapsed 00:00:03.05
